mode: atomic
github.com/stubbedev/srv/internal/firewall/firewall.go:30.28,32.42 1 17
github.com/stubbedev/srv/internal/firewall/firewall.go:32.42,34.3 1 5
github.com/stubbedev/srv/internal/firewall/firewall.go:37.2,37.57 1 12
github.com/stubbedev/srv/internal/firewall/firewall.go:37.57,39.3 1 3
github.com/stubbedev/srv/internal/firewall/firewall.go:42.2,42.30 1 9
github.com/stubbedev/srv/internal/firewall/firewall.go:42.30,44.3 1 5
github.com/stubbedev/srv/internal/firewall/firewall.go:46.2,46.21 1 4
github.com/stubbedev/srv/internal/firewall/firewall.go:50.39,51.11 1 5
github.com/stubbedev/srv/internal/firewall/firewall.go:52.19,53.15 1 1
github.com/stubbedev/srv/internal/firewall/firewall.go:54.25,55.21 1 1
github.com/stubbedev/srv/internal/firewall/firewall.go:56.24,57.20 1 1
github.com/stubbedev/srv/internal/firewall/firewall.go:58.10,59.16 1 2
github.com/stubbedev/srv/internal/firewall/firewall.go:64.25,66.16 2 6
github.com/stubbedev/srv/internal/firewall/firewall.go:66.16,68.3 1 0
github.com/stubbedev/srv/internal/firewall/firewall.go:69.2,69.68 1 6
github.com/stubbedev/srv/internal/firewall/firewall.go:73.31,75.16 2 4
github.com/stubbedev/srv/internal/firewall/firewall.go:75.16,77.3 1 1
github.com/stubbedev/srv/internal/firewall/firewall.go:78.2,78.72 1 3
github.com/stubbedev/srv/internal/firewall/firewall.go:82.26,86.12 3 4
github.com/stubbedev/srv/internal/firewall/firewall.go:87.19,89.58 2 1
github.com/stubbedev/srv/internal/firewall/firewall.go:90.25,92.66 2 1
github.com/stubbedev/srv/internal/firewall/firewall.go:93.24,95.63 2 1
github.com/stubbedev/srv/internal/firewall/firewall.go:96.10,99.26 2 1
github.com/stubbedev/srv/internal/firewall/firewall.go:102.2,102.15 1 4
github.com/stubbedev/srv/internal/firewall/firewall.go:106.37,108.16 2 5
github.com/stubbedev/srv/internal/firewall/firewall.go:108.16,110.3 1 1
github.com/stubbedev/srv/internal/firewall/firewall.go:112.2,113.26 2 4
github.com/stubbedev/srv/internal/firewall/firewall.go:113.26,122.22 2 10
github.com/stubbedev/srv/internal/firewall/firewall.go:122.22,123.12 1 2
github.com/stubbedev/srv/internal/firewall/firewall.go:127.3,130.74 2 8
github.com/stubbedev/srv/internal/firewall/firewall.go:130.74,132.48 1 3
github.com/stubbedev/srv/internal/firewall/firewall.go:132.48,134.5 1 2
github.com/stubbedev/srv/internal/firewall/firewall.go:138.2,138.14 1 2
github.com/stubbedev/srv/internal/firewall/firewall.go:142.49,144.16 2 3
github.com/stubbedev/srv/internal/firewall/firewall.go:144.16,146.3 1 1
github.com/stubbedev/srv/internal/firewall/firewall.go:147.2,147.50 1 2
github.com/stubbedev/srv/internal/firewall/firewall.go:151.42,153.16 2 4
github.com/stubbedev/srv/internal/firewall/firewall.go:153.16,155.3 1 1
github.com/stubbedev/srv/internal/firewall/firewall.go:156.2,159.43 2 3
github.com/stubbedev/srv/internal/firewall/firewall.go:163.24,166.12 2 5
github.com/stubbedev/srv/internal/firewall/firewall.go:167.19,168.24 1 2
github.com/stubbedev/srv/internal/firewall/firewall.go:169.25,170.30 1 1
github.com/stubbedev/srv/internal/firewall/firewall.go:171.24,172.29 1 1
github.com/stubbedev/srv/internal/firewall/firewall.go:173.10,174.13 1 1
github.com/stubbedev/srv/internal/firewall/firewall.go:179.27,181.84 1 2
github.com/stubbedev/srv/internal/firewall/firewall.go:181.84,183.3 1 0
github.com/stubbedev/srv/internal/firewall/firewall.go:186.2,186.85 1 2
github.com/stubbedev/srv/internal/firewall/firewall.go:186.85,188.3 1 1
github.com/stubbedev/srv/internal/firewall/firewall.go:190.2,190.12 1 1
github.com/stubbedev/srv/internal/firewall/firewall.go:194.33,196.91 1 1
github.com/stubbedev/srv/internal/firewall/firewall.go:196.91,198.3 1 0
github.com/stubbedev/srv/internal/firewall/firewall.go:201.2,201.92 1 1
github.com/stubbedev/srv/internal/firewall/firewall.go:201.92,203.3 1 0
github.com/stubbedev/srv/internal/firewall/firewall.go:206.2,206.66 1 1
github.com/stubbedev/srv/internal/firewall/firewall.go:206.66,208.3 1 0
github.com/stubbedev/srv/internal/firewall/firewall.go:210.2,210.12 1 1
github.com/stubbedev/srv/internal/firewall/firewall.go:214.32,216.128 1 1
github.com/stubbedev/srv/internal/firewall/firewall.go:216.128,218.3 1 0
github.com/stubbedev/srv/internal/firewall/firewall.go:221.2,221.129 1 1
github.com/stubbedev/srv/internal/firewall/firewall.go:221.129,223.3 1 0
github.com/stubbedev/srv/internal/firewall/firewall.go:226.2,228.12 2 1
github.com/stubbedev/srv/internal/firewall/firewall.go:233.29,235.42 1 1
github.com/stubbedev/srv/internal/firewall/firewall.go:235.42,239.3 2 0
github.com/stubbedev/srv/internal/firewall/firewall.go:245.2,245.35 1 1
github.com/stubbedev/srv/internal/firewall/firewall.go:245.35,248.17 2 0
github.com/stubbedev/srv/internal/firewall/firewall.go:248.17,250.4 1 0
github.com/stubbedev/srv/internal/firewall/firewall.go:251.3,251.9 1 0
github.com/stubbedev/srv/internal/firewall/firewall.go:256.2,256.50 1 1
github.com/stubbedev/srv/internal/firewall/firewall.go:260.22,262.2 1 2
github.com/stubbedev/srv/internal/docker/docker.go:68.45,70.2 1 0
github.com/stubbedev/srv/internal/docker/docker.go:74.62,77.16 3 39
github.com/stubbedev/srv/internal/docker/docker.go:77.16,77.38 1 39
github.com/stubbedev/srv/internal/docker/docker.go:82.37,84.2 1 39
github.com/stubbedev/srv/internal/docker/docker.go:87.28,92.16 4 3
github.com/stubbedev/srv/internal/docker/docker.go:92.16,94.3 1 1
github.com/stubbedev/srv/internal/docker/docker.go:95.2,95.15 1 2
github.com/stubbedev/srv/internal/docker/docker.go:95.15,95.34 1 2
github.com/stubbedev/srv/internal/docker/docker.go:97.2,97.41 1 2
github.com/stubbedev/srv/internal/docker/docker.go:97.41,98.44 1 1
github.com/stubbedev/srv/internal/docker/docker.go:98.44,100.4 1 0
github.com/stubbedev/srv/internal/docker/docker.go:101.3,101.123 1 1
github.com/stubbedev/srv/internal/docker/docker.go:103.2,103.12 1 1
github.com/stubbedev/srv/internal/docker/docker.go:108.50,109.33 1 2
github.com/stubbedev/srv/internal/docker/docker.go:109.33,111.3 1 1
github.com/stubbedev/srv/internal/docker/docker.go:112.2,112.12 1 1
github.com/stubbedev/srv/internal/docker/docker.go:116.38,121.16 4 6
github.com/stubbedev/srv/internal/docker/docker.go:121.16,123.3 1 1
github.com/stubbedev/srv/internal/docker/docker.go:124.2,124.15 1 5
github.com/stubbedev/srv/internal/docker/docker.go:124.15,124.34 1 5
github.com/stubbedev/srv/internal/docker/docker.go:126.2,128.16 3 5
github.com/stubbedev/srv/internal/docker/docker.go:128.16,130.3 1 1
github.com/stubbedev/srv/internal/docker/docker.go:132.2,132.29 1 4
github.com/stubbedev/srv/internal/docker/docker.go:132.29,133.21 1 3
github.com/stubbedev/srv/internal/docker/docker.go:133.21,135.4 1 2
github.com/stubbedev/srv/internal/docker/docker.go:137.2,137.14 1 2
github.com/stubbedev/srv/internal/docker/docker.go:141.39,146.16 4 4
github.com/stubbedev/srv/internal/docker/docker.go:146.16,148.3 1 1
github.com/stubbedev/srv/internal/docker/docker.go:149.2,149.15 1 3
github.com/stubbedev/srv/internal/docker/docker.go:149.15,149.34 1 3
github.com/stubbedev/srv/internal/docker/docker.go:151.2,152.16 2 3
github.com/stubbedev/srv/internal/docker/docker.go:152.16,153.44 1 2
github.com/stubbedev/srv/internal/docker/docker.go:153.44,155.4 1 0
github.com/stubbedev/srv/internal/docker/docker.go:158.3,158.31 1 2
github.com/stubbedev/srv/internal/docker/docker.go:158.31,160.4 1 1
github.com/stubbedev/srv/internal/docker/docker.go:161.3,161.13 1 1
github.com/stubbedev/srv/internal/docker/docker.go:163.2,163.12 1 1
github.com/stubbedev/srv/internal/docker/docker.go:168.34,170.2 1 1
github.com/stubbedev/srv/internal/docker/docker.go:174.39,176.2 1 1
github.com/stubbedev/srv/internal/docker/docker.go:179.54,181.19 2 3
github.com/stubbedev/srv/internal/docker/docker.go:181.19,183.3 1 1
github.com/stubbedev/srv/internal/docker/docker.go:184.2,184.30 1 2
github.com/stubbedev/srv/internal/docker/docker.go:188.59,190.19 2 2
github.com/stubbedev/srv/internal/docker/docker.go:190.19,192.3 1 1
github.com/stubbedev/srv/internal/docker/docker.go:193.2,193.30 1 1
github.com/stubbedev/srv/internal/docker/docker.go:199.36,201.2 1 1
github.com/stubbedev/srv/internal/docker/docker.go:206.64,212.2 5 0
github.com/stubbedev/srv/internal/docker/docker.go:223.64,225.2 1 5
github.com/stubbedev/srv/internal/docker/docker.go:227.53,230.6 3 6
github.com/stubbedev/srv/internal/docker/docker.go:230.6,232.14 2 12
github.com/stubbedev/srv/internal/docker/docker.go:232.14,234.4 1 5
github.com/stubbedev/srv/internal/docker/docker.go:235.3,237.44 3 7
github.com/stubbedev/srv/internal/docker/docker.go:237.44,239.4 1 1
github.com/stubbedev/srv/internal/docker/docker.go:240.3,240.24 1 6
github.com/stubbedev/srv/internal/docker/docker.go:244.38,245.22 1 16
github.com/stubbedev/srv/internal/docker/docker.go:245.22,246.13 1 58
github.com/stubbedev/srv/internal/docker/docker.go:246.13,248.4 1 9
github.com/stubbedev/srv/internal/docker/docker.go:250.2,250.11 1 7
github.com/stubbedev/srv/internal/docker/docker.go:254.36,256.2 1 1
github.com/stubbedev/srv/internal/docker/docker.go:259.39,261.2 1 1
github.com/stubbedev/srv/internal/docker/docker.go:265.51,271.2 5 0
github.com/stubbedev/srv/internal/docker/docker.go:276.65,278.2 1 0
github.com/stubbedev/srv/internal/docker/docker.go:283.76,285.19 2 0
github.com/stubbedev/srv/internal/docker/docker.go:285.19,287.3 1 0
github.com/stubbedev/srv/internal/docker/docker.go:288.2,293.18 6 0
github.com/stubbedev/srv/internal/docker/docker.go:300.71,301.11 1 0
github.com/stubbedev/srv/internal/docker/docker.go:301.11,308.44 7 0
github.com/stubbedev/srv/internal/docker/docker.go:308.44,310.4 1 0
github.com/stubbedev/srv/internal/docker/docker.go:311.3,311.13 1 0
github.com/stubbedev/srv/internal/docker/docker.go:313.2,317.18 5 0
github.com/stubbedev/srv/internal/docker/docker.go:323.84,326.16 3 13
github.com/stubbedev/srv/internal/docker/docker.go:326.16,326.38 1 13
github.com/stubbedev/srv/internal/docker/docker.go:333.48,335.2 1 10
github.com/stubbedev/srv/internal/docker/docker.go:338.53,340.2 1 3
github.com/stubbedev/srv/internal/docker/docker.go:343.73,344.19 1 2
github.com/stubbedev/srv/internal/docker/docker.go:344.19,346.3 1 1
github.com/stubbedev/srv/internal/docker/docker.go:347.2,347.78 1 1
github.com/stubbedev/srv/internal/docker/docker.go:354.57,360.2 5 0
github.com/stubbedev/srv/internal/docker/docker.go:364.70,367.16 3 3
github.com/stubbedev/srv/internal/docker/docker.go:367.16,367.42 1 3
github.com/stubbedev/srv/internal/docker/docker.go:372.41,374.16 2 3
github.com/stubbedev/srv/internal/docker/docker.go:374.16,376.3 1 1
github.com/stubbedev/srv/internal/docker/docker.go:377.2,377.49 1 2
github.com/stubbedev/srv/internal/docker/docker.go:383.53,386.29 3 7
github.com/stubbedev/srv/internal/docker/docker.go:386.29,387.49 1 12
github.com/stubbedev/srv/internal/docker/docker.go:387.49,388.12 1 2
github.com/stubbedev/srv/internal/docker/docker.go:390.3,391.56 2 10
github.com/stubbedev/srv/internal/docker/docker.go:391.56,393.4 1 6
github.com/stubbedev/srv/internal/docker/docker.go:395.2,395.40 1 7
github.com/stubbedev/srv/internal/docker/docker.go:401.49,402.9 1 14
github.com/stubbedev/srv/internal/docker/docker.go:403.18,404.33 1 4
github.com/stubbedev/srv/internal/docker/docker.go:405.24,406.33 1 4
github.com/stubbedev/srv/internal/docker/docker.go:407.19,408.76 1 4
github.com/stubbedev/srv/internal/docker/docker.go:409.10,410.33 1 2
github.com/stubbedev/srv/internal/docker/docker.go:417.57,422.16 4 2
github.com/stubbedev/srv/internal/docker/docker.go:422.16,424.3 1 0
github.com/stubbedev/srv/internal/docker/docker.go:425.2,425.15 1 2
github.com/stubbedev/srv/internal/docker/docker.go:425.15,425.34 1 2
github.com/stubbedev/srv/internal/docker/docker.go:427.2,428.16 2 2
github.com/stubbedev/srv/internal/docker/docker.go:428.16,430.3 1 1
github.com/stubbedev/srv/internal/docker/docker.go:431.2,431.45 1 1
github.com/stubbedev/srv/internal/docker/docker.go:431.45,433.3 1 1
github.com/stubbedev/srv/internal/docker/docker.go:434.2,434.32 1 0
github.com/stubbedev/srv/internal/docker/docker.go:441.53,446.16 4 3
github.com/stubbedev/srv/internal/docker/docker.go:446.16,449.3 1 0
github.com/stubbedev/srv/internal/docker/docker.go:450.2,450.15 1 3
github.com/stubbedev/srv/internal/docker/docker.go:450.15,450.34 1 3
github.com/stubbedev/srv/internal/docker/docker.go:452.2,456.16 3 3
github.com/stubbedev/srv/internal/docker/docker.go:456.16,459.3 1 0
github.com/stubbedev/srv/internal/docker/docker.go:461.2,462.31 2 3
github.com/stubbedev/srv/internal/docker/docker.go:462.31,464.27 2 4
github.com/stubbedev/srv/internal/docker/docker.go:464.27,466.4 1 3
github.com/stubbedev/srv/internal/docker/docker.go:468.2,468.40 1 3
github.com/stubbedev/srv/internal/docker/docker.go:472.43,477.16 4 4
github.com/stubbedev/srv/internal/docker/docker.go:477.16,479.3 1 1
github.com/stubbedev/srv/internal/docker/docker.go:480.2,480.15 1 3
github.com/stubbedev/srv/internal/docker/docker.go:480.15,480.34 1 3
github.com/stubbedev/srv/internal/docker/docker.go:482.2,483.16 2 3
github.com/stubbedev/srv/internal/docker/docker.go:483.16,485.3 1 1
github.com/stubbedev/srv/internal/docker/docker.go:486.2,486.48 1 2
github.com/stubbedev/srv/internal/docker/docker.go:490.35,492.16 2 3
github.com/stubbedev/srv/internal/docker/docker.go:492.16,494.3 1 1
github.com/stubbedev/srv/internal/docker/docker.go:495.2,495.15 1 2
github.com/stubbedev/srv/internal/docker/docker.go:495.15,495.34 1 2
github.com/stubbedev/srv/internal/docker/docker.go:500.2,503.16 4 2
github.com/stubbedev/srv/internal/docker/docker.go:503.16,505.3 1 1
github.com/stubbedev/srv/internal/docker/docker.go:506.2,506.15 1 1
github.com/stubbedev/srv/internal/docker/docker.go:506.15,506.37 1 1
github.com/stubbedev/srv/internal/docker/docker.go:508.2,509.12 2 1
github.com/stubbedev/srv/internal/docker/docker.go:519.98,523.16 4 0
github.com/stubbedev/srv/internal/docker/docker.go:523.16,525.3 1 0
github.com/stubbedev/srv/internal/docker/docker.go:526.2,526.44 1 0
github.com/stubbedev/srv/internal/docker/docker.go:531.111,534.16 3 3
github.com/stubbedev/srv/internal/docker/docker.go:534.16,534.49 1 3
github.com/stubbedev/srv/internal/docker/docker.go:540.74,545.16 4 3
github.com/stubbedev/srv/internal/docker/docker.go:545.16,547.3 1 1
github.com/stubbedev/srv/internal/docker/docker.go:548.2,548.23 1 2
github.com/stubbedev/srv/internal/docker/docker.go:548.23,550.3 1 1
github.com/stubbedev/srv/internal/docker/docker.go:552.2,552.73 1 1
github.com/stubbedev/srv/internal/docker/docker.go:556.40,561.16 4 2
github.com/stubbedev/srv/internal/docker/docker.go:561.16,563.3 1 0
github.com/stubbedev/srv/internal/docker/docker.go:564.2,564.15 1 2
github.com/stubbedev/srv/internal/docker/docker.go:564.15,564.34 1 2
github.com/stubbedev/srv/internal/docker/docker.go:566.2,567.19 2 2
github.com/stubbedev/srv/internal/docker/docker.go:572.60,577.16 4 4
github.com/stubbedev/srv/internal/docker/docker.go:577.16,579.3 1 1
github.com/stubbedev/srv/internal/docker/docker.go:580.2,580.15 1 3
github.com/stubbedev/srv/internal/docker/docker.go:580.15,580.34 1 3
github.com/stubbedev/srv/internal/docker/docker.go:582.2,583.16 2 3
github.com/stubbedev/srv/internal/docker/docker.go:583.16,585.3 1 1
github.com/stubbedev/srv/internal/docker/docker.go:587.2,587.43 1 2
github.com/stubbedev/srv/internal/docker/docker.go:592.43,593.53 1 7
github.com/stubbedev/srv/internal/docker/docker.go:593.53,595.3 1 4
github.com/stubbedev/srv/internal/docker/docker.go:596.2,596.17 1 3
github.com/stubbedev/srv/internal/docker/docker.go:600.39,605.16 4 3
github.com/stubbedev/srv/internal/docker/docker.go:605.16,607.3 1 1
github.com/stubbedev/srv/internal/docker/docker.go:608.2,608.15 1 2
github.com/stubbedev/srv/internal/docker/docker.go:608.15,608.34 1 2
github.com/stubbedev/srv/internal/docker/docker.go:610.2,610.37 1 2
github.com/stubbedev/srv/internal/docker/docker.go:615.80,620.2 3 4
github.com/stubbedev/srv/internal/docker/docker.go:623.94,625.16 2 5
github.com/stubbedev/srv/internal/docker/docker.go:625.16,627.3 1 1
github.com/stubbedev/srv/internal/docker/docker.go:628.2,628.15 1 4
github.com/stubbedev/srv/internal/docker/docker.go:628.15,628.34 1 4
github.com/stubbedev/srv/internal/docker/docker.go:630.2,631.17 2 4
github.com/stubbedev/srv/internal/docker/docker.go:631.17,633.3 1 2
github.com/stubbedev/srv/internal/docker/docker.go:635.2,636.16 2 4
github.com/stubbedev/srv/internal/docker/docker.go:636.16,640.31 1 2
github.com/stubbedev/srv/internal/docker/docker.go:640.31,642.4 1 1
github.com/stubbedev/srv/internal/docker/docker.go:643.3,643.71 1 1
github.com/stubbedev/srv/internal/docker/docker.go:645.2,645.12 1 2
github.com/stubbedev/srv/internal/platform/platform.go:14.21,16.2 1 2
github.com/stubbedev/srv/internal/platform/platform.go:19.22,21.2 1 2
github.com/stubbedev/srv/internal/platform/platform.go:25.18,27.2 1 1
github.com/stubbedev/srv/internal/platform/platform.go:31.45,33.2 1 1
github.com/stubbedev/srv/internal/config/config.go:41.30,44.19 3 17
github.com/stubbedev/srv/internal/config/config.go:44.19,46.23 2 16
github.com/stubbedev/srv/internal/config/config.go:46.23,48.4 1 15
github.com/stubbedev/srv/internal/config/config.go:50.2,50.32 1 17
github.com/stubbedev/srv/internal/config/config.go:53.30,55.16 2 16
github.com/stubbedev/srv/internal/config/config.go:55.16,57.3 1 1
github.com/stubbedev/srv/internal/config/config.go:59.2,66.17 2 15
github.com/stubbedev/srv/internal/config/config.go:71.35,73.63 1 16
github.com/stubbedev/srv/internal/config/config.go:73.63,74.31 1 15
github.com/stubbedev/srv/internal/config/config.go:74.31,76.4 1 1
github.com/stubbedev/srv/internal/config/config.go:77.3,77.72 1 14
github.com/stubbedev/srv/internal/config/config.go:77.72,79.4 1 0
github.com/stubbedev/srv/internal/config/config.go:80.3,80.22 1 14
github.com/stubbedev/srv/internal/config/config.go:84.2,85.21 2 1
github.com/stubbedev/srv/internal/config/config.go:85.21,87.17 2 0
github.com/stubbedev/srv/internal/config/config.go:87.17,89.4 1 0
github.com/stubbedev/srv/internal/config/config.go:90.3,90.65 1 0
github.com/stubbedev/srv/internal/config/config.go:93.2,94.71 2 1
github.com/stubbedev/srv/internal/config/config.go:94.71,96.3 1 0
github.com/stubbedev/srv/internal/config/config.go:98.2,98.21 1 1
github.com/stubbedev/srv/internal/config/config.go:105.35,107.16 2 17
github.com/stubbedev/srv/internal/config/config.go:107.16,109.3 1 0
github.com/stubbedev/srv/internal/config/config.go:110.2,112.95 3 17
github.com/stubbedev/srv/internal/config/config.go:116.42,118.2 1 1
github.com/stubbedev/srv/internal/config/config.go:121.46,123.2 1 1
github.com/stubbedev/srv/internal/config/config.go:126.42,128.2 1 1
github.com/stubbedev/srv/internal/config/config.go:131.55,133.2 1 1
github.com/stubbedev/srv/internal/config/config.go:137.19,143.2 5 16
github.com/stubbedev/srv/internal/config/config.go:146.38,148.2 1 21
github.com/stubbedev/srv/internal/config/config.go:151.56,154.16 3 12
github.com/stubbedev/srv/internal/config/config.go:154.16,155.25 1 5
github.com/stubbedev/srv/internal/config/config.go:155.25,157.4 1 5
github.com/stubbedev/srv/internal/config/config.go:158.3,158.64 1 0
github.com/stubbedev/srv/internal/config/config.go:161.2,162.55 2 7
github.com/stubbedev/srv/internal/config/config.go:162.55,164.3 1 1
github.com/stubbedev/srv/internal/config/config.go:166.2,166.22 1 6
github.com/stubbedev/srv/internal/config/config.go:170.60,173.16 3 6
github.com/stubbedev/srv/internal/config/config.go:173.16,175.3 1 0
github.com/stubbedev/srv/internal/config/config.go:177.2,179.96 2 6
github.com/stubbedev/srv/internal/config/config.go:184.72,186.54 2 8
github.com/stubbedev/srv/internal/config/config.go:186.54,188.3 1 1
github.com/stubbedev/srv/internal/config/config.go:189.2,189.45 1 7
github.com/stubbedev/srv/internal/config/config.go:189.45,193.3 2 0
github.com/stubbedev/srv/internal/config/config.go:194.2,194.12 1 7
github.com/stubbedev/srv/internal/config/config.go:198.53,200.16 2 4
github.com/stubbedev/srv/internal/config/config.go:200.16,202.3 1 0
github.com/stubbedev/srv/internal/config/config.go:203.2,203.32 1 4
github.com/stubbedev/srv/internal/config/config.go:203.32,205.3 1 2
github.com/stubbedev/srv/internal/config/config.go:206.2,206.33 1 2
github.com/stubbedev/srv/internal/config/config.go:210.55,212.16 2 5
github.com/stubbedev/srv/internal/config/config.go:212.16,215.3 1 0
github.com/stubbedev/srv/internal/config/config.go:216.2,217.34 2 5
github.com/stubbedev/srv/internal/mkcert/mkcert.go:42.51,44.16 2 0
github.com/stubbedev/srv/internal/mkcert/mkcert.go:44.16,46.3 1 0
github.com/stubbedev/srv/internal/mkcert/mkcert.go:47.2,51.18 5 0
github.com/stubbedev/srv/internal/mkcert/mkcert.go:54.61,56.16 2 0
github.com/stubbedev/srv/internal/mkcert/mkcert.go:56.16,58.3 1 0
github.com/stubbedev/srv/internal/mkcert/mkcert.go:59.2,59.45 1 0
github.com/stubbedev/srv/internal/mkcert/mkcert.go:62.63,64.16 2 0
github.com/stubbedev/srv/internal/mkcert/mkcert.go:64.16,66.3 1 0
github.com/stubbedev/srv/internal/mkcert/mkcert.go:67.2,72.28 6 0
github.com/stubbedev/srv/internal/mkcert/mkcert.go:80.41,83.16 3 8
github.com/stubbedev/srv/internal/mkcert/mkcert.go:83.16,83.33 1 8
github.com/stubbedev/srv/internal/mkcert/mkcert.go:89.38,90.24 1 0
github.com/stubbedev/srv/internal/mkcert/mkcert.go:90.24,91.23 1 0
github.com/stubbedev/srv/internal/mkcert/mkcert.go:91.23,94.4 2 0
github.com/stubbedev/srv/internal/mkcert/mkcert.go:96.3,97.49 2 0
github.com/stubbedev/srv/internal/mkcert/mkcert.go:97.49,100.4 2 0
github.com/stubbedev/srv/internal/mkcert/mkcert.go:102.3,103.59 2 0
github.com/stubbedev/srv/internal/mkcert/mkcert.go:103.59,106.4 2 0
github.com/stubbedev/srv/internal/mkcert/mkcert.go:108.3,108.23 1 0
github.com/stubbedev/srv/internal/mkcert/mkcert.go:110.2,110.34 1 0
github.com/stubbedev/srv/internal/mkcert/mkcert.go:115.32,117.2 1 1
github.com/stubbedev/srv/internal/mkcert/mkcert.go:124.37,127.2 2 2
github.com/stubbedev/srv/internal/mkcert/mkcert.go:130.45,132.2 1 1
github.com/stubbedev/srv/internal/mkcert/mkcert.go:136.23,138.2 1 1
github.com/stubbedev/srv/internal/mkcert/mkcert.go:157.39,160.46 3 3
github.com/stubbedev/srv/internal/mkcert/mkcert.go:160.46,162.3 1 2
github.com/stubbedev/srv/internal/mkcert/mkcert.go:163.2,163.20 1 3
github.com/stubbedev/srv/internal/mkcert/mkcert.go:169.51,171.48 2 14
github.com/stubbedev/srv/internal/mkcert/mkcert.go:171.48,172.10 1 19
github.com/stubbedev/srv/internal/mkcert/mkcert.go:173.57,174.20 1 4
github.com/stubbedev/srv/internal/mkcert/mkcert.go:175.74,176.28 1 3
github.com/stubbedev/srv/internal/mkcert/mkcert.go:177.86,178.32 1 1
github.com/stubbedev/srv/internal/mkcert/mkcert.go:179.76,180.33 1 1
github.com/stubbedev/srv/internal/mkcert/mkcert.go:183.89,184.29 1 4
github.com/stubbedev/srv/internal/mkcert/mkcert.go:186.69,187.30 1 2
github.com/stubbedev/srv/internal/mkcert/mkcert.go:190.2,190.12 1 14
github.com/stubbedev/srv/internal/mkcert/mkcert.go:195.34,197.16 2 3
github.com/stubbedev/srv/internal/mkcert/mkcert.go:197.16,199.3 1 1
github.com/stubbedev/srv/internal/mkcert/mkcert.go:200.2,200.44 1 2
github.com/stubbedev/srv/internal/mkcert/mkcert.go:205.16,206.25 1 1
github.com/stubbedev/srv/internal/mkcert/mkcert.go:206.25,208.3 1 0
github.com/stubbedev/srv/internal/metrics/metrics.go:47.37,49.2 1 6
github.com/stubbedev/srv/internal/metrics/metrics.go:53.51,55.2 1 8
github.com/stubbedev/srv/internal/metrics/metrics.go:65.51,68.15 3 2
github.com/stubbedev/srv/internal/metrics/metrics.go:68.15,71.3 2 1
github.com/stubbedev/srv/internal/metrics/metrics.go:72.2,100.90 2 2
github.com/stubbedev/srv/internal/metrics/metrics.go:104.52,105.81 1 2
github.com/stubbedev/srv/internal/metrics/metrics.go:105.81,107.3 1 0
github.com/stubbedev/srv/internal/metrics/metrics.go:108.2,108.12 1 2
github.com/stubbedev/srv/internal/metrics/metrics.go:113.43,116.71 3 3
github.com/stubbedev/srv/internal/metrics/metrics.go:116.71,118.3 1 1
github.com/stubbedev/srv/internal/metrics/metrics.go:120.2,120.128 1 2
github.com/stubbedev/srv/internal/metrics/metrics.go:120.128,122.3 1 0
github.com/stubbedev/srv/internal/metrics/metrics.go:123.2,123.139 1 2
github.com/stubbedev/srv/internal/metrics/metrics.go:123.139,125.3 1 0
github.com/stubbedev/srv/internal/metrics/metrics.go:126.2,126.144 1 2
github.com/stubbedev/srv/internal/metrics/metrics.go:126.144,128.3 1 0
github.com/stubbedev/srv/internal/metrics/metrics.go:129.2,129.12 1 2
github.com/stubbedev/srv/internal/metrics/metrics.go:132.30,137.15 2 4
github.com/stubbedev/srv/internal/metrics/metrics.go:137.15,139.3 1 2
github.com/stubbedev/srv/internal/metrics/metrics.go:140.2,149.18 1 4
github.com/stubbedev/srv/internal/metrics/metrics.go:152.37,156.15 2 4
github.com/stubbedev/srv/internal/metrics/metrics.go:156.15,158.3 1 2
github.com/stubbedev/srv/internal/metrics/metrics.go:159.2,168.12 1 4
github.com/stubbedev/srv/internal/metrics/metrics.go:173.45,174.15 1 4
github.com/stubbedev/srv/internal/metrics/metrics.go:174.15,176.3 1 2
github.com/stubbedev/srv/internal/metrics/metrics.go:177.2,177.39 1 2
github.com/stubbedev/srv/internal/metrics/metrics.go:186.31,241.2 1 2
github.com/stubbedev/srv/internal/metrics/metrics.go:246.51,302.2 1 2
github.com/stubbedev/srv/internal/daemon/daemon.go:47.29,49.16 2 4
github.com/stubbedev/srv/internal/daemon/daemon.go:49.16,51.3 1 0
github.com/stubbedev/srv/internal/daemon/daemon.go:53.2,62.8 2 4
github.com/stubbedev/srv/internal/daemon/daemon.go:66.41,68.2 1 1
github.com/stubbedev/srv/internal/daemon/daemon.go:71.23,73.16 2 0
github.com/stubbedev/srv/internal/daemon/daemon.go:73.16,75.3 1 0
github.com/stubbedev/srv/internal/daemon/daemon.go:76.2,76.50 1 0
github.com/stubbedev/srv/internal/daemon/daemon.go:80.19,81.20 1 1
github.com/stubbedev/srv/internal/daemon/daemon.go:81.20,83.3 1 1
github.com/stubbedev/srv/internal/daemon/daemon.go:84.2,84.22 1 0
github.com/stubbedev/srv/internal/daemon/daemon.go:88.30,92.16 3 0
github.com/stubbedev/srv/internal/daemon/daemon.go:92.16,94.3 1 0
github.com/stubbedev/srv/internal/daemon/daemon.go:95.2,96.15 2 0
github.com/stubbedev/srv/internal/daemon/daemon.go:96.15,96.38 1 0
github.com/stubbedev/srv/internal/daemon/daemon.go:98.2,101.52 2 0
github.com/stubbedev/srv/internal/daemon/daemon.go:101.52,103.3 1 0
github.com/stubbedev/srv/internal/daemon/daemon.go:106.2,110.12 4 0
github.com/stubbedev/srv/internal/daemon/daemon.go:110.12,111.10 1 0
github.com/stubbedev/srv/internal/daemon/daemon.go:112.18,114.14 2 0
github.com/stubbedev/srv/internal/daemon/daemon.go:115.23,115.23 0 0
github.com/stubbedev/srv/internal/daemon/daemon.go:120.2,120.21 1 0
github.com/stubbedev/srv/internal/daemon/daemon.go:120.21,121.53 1 0
github.com/stubbedev/srv/internal/daemon/daemon.go:121.53,123.4 1 0
github.com/stubbedev/srv/internal/daemon/daemon.go:124.8,126.3 1 0
github.com/stubbedev/srv/internal/daemon/daemon.go:129.2,129.24 1 0
github.com/stubbedev/srv/internal/daemon/daemon.go:133.50,136.22 3 6
github.com/stubbedev/srv/internal/daemon/daemon.go:136.22,138.3 1 3
github.com/stubbedev/srv/internal/daemon/daemon.go:142.50,144.16 2 1
github.com/stubbedev/srv/internal/daemon/daemon.go:144.16,146.3 1 0
github.com/stubbedev/srv/internal/daemon/daemon.go:148.2,149.26 2 1
github.com/stubbedev/srv/internal/daemon/daemon.go:149.26,150.60 1 0
github.com/stubbedev/srv/internal/daemon/daemon.go:150.60,152.4 1 0
github.com/stubbedev/srv/internal/daemon/daemon.go:155.2,156.12 2 1
github.com/stubbedev/srv/internal/daemon/daemon.go:161.37,163.2 1 0
github.com/stubbedev/srv/internal/daemon/daemon.go:166.40,170.6 3 2
github.com/stubbedev/srv/internal/daemon/daemon.go:170.6,171.10 1 2
github.com/stubbedev/srv/internal/daemon/daemon.go:172.23,173.22 1 0
github.com/stubbedev/srv/internal/daemon/daemon.go:174.11,174.11 0 2
github.com/stubbedev/srv/internal/daemon/daemon.go:177.3,177.26 1 2
github.com/stubbedev/srv/internal/daemon/daemon.go:177.26,179.4 1 1
github.com/stubbedev/srv/internal/daemon/daemon.go:181.3,183.10 2 1
github.com/stubbedev/srv/internal/daemon/daemon.go:184.23,185.22 1 1
github.com/stubbedev/srv/internal/daemon/daemon.go:186.30,186.30 0 0
github.com/stubbedev/srv/internal/daemon/daemon.go:189.3,190.27 2 0
github.com/stubbedev/srv/internal/daemon/daemon.go:190.27,192.4 1 0
github.com/stubbedev/srv/internal/daemon/daemon.go:197.38,198.6 1 0
github.com/stubbedev/srv/internal/daemon/daemon.go:198.6,199.10 1 0
github.com/stubbedev/srv/internal/daemon/daemon.go:200.23,201.14 1 0
github.com/stubbedev/srv/internal/daemon/daemon.go:202.11,202.11 0 0
github.com/stubbedev/srv/internal/daemon/daemon.go:206.3,206.43 1 0
github.com/stubbedev/srv/internal/daemon/daemon.go:206.43,208.4 1 0
github.com/stubbedev/srv/internal/daemon/daemon.go:210.3,213.39 3 0
github.com/stubbedev/srv/internal/daemon/daemon.go:213.39,215.11 2 0
github.com/stubbedev/srv/internal/daemon/daemon.go:216.24,217.15 1 0
github.com/stubbedev/srv/internal/daemon/daemon.go:218.39,218.39 0 0
github.com/stubbedev/srv/internal/daemon/daemon.go:225.39,227.16 2 0
github.com/stubbedev/srv/internal/daemon/daemon.go:227.16,229.3 1 0
github.com/stubbedev/srv/internal/daemon/daemon.go:230.2,230.15 1 0
github.com/stubbedev/srv/internal/daemon/daemon.go:230.15,230.34 1 0
github.com/stubbedev/srv/internal/daemon/daemon.go:232.2,239.6 3 0
github.com/stubbedev/srv/internal/daemon/daemon.go:239.6,240.10 1 0
github.com/stubbedev/srv/internal/daemon/daemon.go:241.23,242.14 1 0
github.com/stubbedev/srv/internal/daemon/daemon.go:243.23,244.61 1 0
github.com/stubbedev/srv/internal/daemon/daemon.go:245.27,246.33 1 0
github.com/stubbedev/srv/internal/daemon/daemon.go:252.67,254.25 2 3
github.com/stubbedev/srv/internal/daemon/daemon.go:254.25,256.3 1 1
github.com/stubbedev/srv/internal/daemon/daemon.go:259.2,260.14 2 2
github.com/stubbedev/srv/internal/daemon/daemon.go:260.14,263.55 1 1
github.com/stubbedev/srv/internal/daemon/daemon.go:263.55,266.4 2 0
github.com/stubbedev/srv/internal/daemon/daemon.go:267.3,268.15 2 1
github.com/stubbedev/srv/internal/daemon/daemon.go:268.15,270.4 1 1
github.com/stubbedev/srv/internal/daemon/daemon.go:273.2,276.102 2 1
github.com/stubbedev/srv/internal/daemon/daemon.go:276.102,279.32 1 1
github.com/stubbedev/srv/internal/daemon/daemon.go:279.32,281.4 1 1
github.com/stubbedev/srv/internal/daemon/daemon.go:282.8,284.3 1 0
github.com/stubbedev/srv/internal/daemon/service.go:29.25,30.9 1 2
github.com/stubbedev/srv/internal/daemon/service.go:31.26,32.30 1 2
github.com/stubbedev/srv/internal/daemon/service.go:33.27,34.30 1 0
github.com/stubbedev/srv/internal/daemon/service.go:35.10,36.15 1 0
github.com/stubbedev/srv/internal/daemon/service.go:41.22,42.9 1 2
github.com/stubbedev/srv/internal/daemon/service.go:43.26,44.26 1 2
github.com/stubbedev/srv/internal/daemon/service.go:45.27,46.26 1 0
github.com/stubbedev/srv/internal/daemon/service.go:47.10,48.58 1 0
github.com/stubbedev/srv/internal/daemon/service.go:53.24,54.9 1 2
github.com/stubbedev/srv/internal/daemon/service.go:55.26,56.28 1 2
github.com/stubbedev/srv/internal/daemon/service.go:57.27,58.28 1 0
github.com/stubbedev/srv/internal/daemon/service.go:59.10,60.55 1 0
github.com/stubbedev/srv/internal/daemon/service.go:65.22,66.9 1 2
github.com/stubbedev/srv/internal/daemon/service.go:67.26,68.26 1 2
github.com/stubbedev/srv/internal/daemon/service.go:69.27,70.26 1 0
github.com/stubbedev/srv/internal/daemon/service.go:71.10,72.53 1 0
github.com/stubbedev/srv/internal/daemon/service.go:77.26,78.9 1 0
github.com/stubbedev/srv/internal/daemon/service.go:79.26,80.70 1 0
github.com/stubbedev/srv/internal/daemon/service.go:81.27,83.17 2 0
github.com/stubbedev/srv/internal/daemon/service.go:83.17,85.4 1 0
github.com/stubbedev/srv/internal/daemon/service.go:86.3,86.53 1 0
github.com/stubbedev/srv/internal/daemon/service.go:87.10,88.50 1 0
github.com/stubbedev/srv/internal/daemon/service.go:96.43,98.16 2 13
github.com/stubbedev/srv/internal/daemon/service.go:98.16,100.3 1 0
github.com/stubbedev/srv/internal/daemon/service.go:101.2,101.69 1 13
github.com/stubbedev/srv/internal/daemon/service.go:104.32,106.16 2 4
github.com/stubbedev/srv/internal/daemon/service.go:106.16,108.3 1 0
github.com/stubbedev/srv/internal/daemon/service.go:109.2,110.19 2 4
github.com/stubbedev/srv/internal/daemon/service.go:113.29,116.16 2 2
github.com/stubbedev/srv/internal/daemon/service.go:116.16,118.3 1 0
github.com/stubbedev/srv/internal/daemon/service.go:121.2,122.16 2 2
github.com/stubbedev/srv/internal/daemon/service.go:122.16,124.3 1 0
github.com/stubbedev/srv/internal/daemon/service.go:126.2,127.16 2 2
github.com/stubbedev/srv/internal/daemon/service.go:127.16,129.3 1 0
github.com/stubbedev/srv/internal/daemon/service.go:132.2,133.74 2 2
github.com/stubbedev/srv/internal/daemon/service.go:133.74,135.3 1 0
github.com/stubbedev/srv/internal/daemon/service.go:139.2,140.16 2 2
github.com/stubbedev/srv/internal/daemon/service.go:140.16,142.3 1 0
github.com/stubbedev/srv/internal/daemon/service.go:145.2,163.101 2 2
github.com/stubbedev/srv/internal/daemon/service.go:163.101,165.3 1 0
github.com/stubbedev/srv/internal/daemon/service.go:168.2,168.74 1 2
github.com/stubbedev/srv/internal/daemon/service.go:168.74,170.3 1 1
github.com/stubbedev/srv/internal/daemon/service.go:172.2,172.87 1 1
github.com/stubbedev/srv/internal/daemon/service.go:172.87,174.3 1 0
github.com/stubbedev/srv/internal/daemon/service.go:178.2,178.88 1 1
github.com/stubbedev/srv/internal/daemon/service.go:178.88,180.3 1 0
github.com/stubbedev/srv/internal/daemon/service.go:183.2,184.16 2 1
github.com/stubbedev/srv/internal/daemon/service.go:184.16,186.3 1 1
github.com/stubbedev/srv/internal/daemon/service.go:188.2,188.12 1 1
github.com/stubbedev/srv/internal/daemon/service.go:191.31,193.16 2 2
github.com/stubbedev/srv/internal/daemon/service.go:193.16,195.3 1 0
github.com/stubbedev/srv/internal/daemon/service.go:198.2,202.70 3 2
github.com/stubbedev/srv/internal/daemon/service.go:202.70,204.3 1 0
github.com/stubbedev/srv/internal/daemon/service.go:207.2,209.12 2 2
github.com/stubbedev/srv/internal/daemon/service.go:212.29,213.88 1 2
github.com/stubbedev/srv/internal/daemon/service.go:213.88,215.3 1 1
github.com/stubbedev/srv/internal/daemon/service.go:216.2,216.12 1 1
github.com/stubbedev/srv/internal/daemon/service.go:220.41,222.16 2 2
github.com/stubbedev/srv/internal/daemon/service.go:222.16,224.3 1 1
github.com/stubbedev/srv/internal/daemon/service.go:225.2,225.47 1 1
github.com/stubbedev/srv/internal/daemon/service.go:232.41,234.16 2 2
github.com/stubbedev/srv/internal/daemon/service.go:234.16,236.3 1 0
github.com/stubbedev/srv/internal/daemon/service.go:237.2,237.68 1 2
github.com/stubbedev/srv/internal/daemon/service.go:240.32,242.16 2 1
github.com/stubbedev/srv/internal/daemon/service.go:242.16,244.3 1 0
github.com/stubbedev/srv/internal/daemon/service.go:245.2,246.19 2 1
github.com/stubbedev/srv/internal/daemon/service.go:249.29,252.16 2 0
github.com/stubbedev/srv/internal/daemon/service.go:252.16,254.3 1 0
github.com/stubbedev/srv/internal/daemon/service.go:257.2,258.16 2 0
github.com/stubbedev/srv/internal/daemon/service.go:258.16,260.3 1 0
github.com/stubbedev/srv/internal/daemon/service.go:262.2,263.16 2 0
github.com/stubbedev/srv/internal/daemon/service.go:263.16,265.3 1 0
github.com/stubbedev/srv/internal/daemon/service.go:267.2,268.16 2 0
github.com/stubbedev/srv/internal/daemon/service.go:268.16,270.3 1 0
github.com/stubbedev/srv/internal/daemon/service.go:273.2,274.72 2 0
github.com/stubbedev/srv/internal/daemon/service.go:274.72,276.3 1 0
github.com/stubbedev/srv/internal/daemon/service.go:278.2,315.94 3 0
github.com/stubbedev/srv/internal/daemon/service.go:315.94,317.3 1 0
github.com/stubbedev/srv/internal/daemon/service.go:320.2,323.66 2 0
github.com/stubbedev/srv/internal/daemon/service.go:323.66,325.3 1 0
github.com/stubbedev/srv/internal/daemon/service.go:327.2,327.12 1 0
github.com/stubbedev/srv/internal/daemon/service.go:330.31,332.16 2 0
github.com/stubbedev/srv/internal/daemon/service.go:332.16,334.3 1 0
github.com/stubbedev/srv/internal/daemon/service.go:337.2,340.68 2 0
github.com/stubbedev/srv/internal/daemon/service.go:340.68,342.3 1 0
github.com/stubbedev/srv/internal/daemon/service.go:344.2,344.12 1 0
github.com/stubbedev/srv/internal/daemon/service.go:347.29,349.16 2 0
github.com/stubbedev/srv/internal/daemon/service.go:349.16,351.3 1 0
github.com/stubbedev/srv/internal/daemon/service.go:354.2,355.66 2 0
github.com/stubbedev/srv/internal/daemon/service.go:355.66,357.3 1 0
github.com/stubbedev/srv/internal/daemon/service.go:358.2,358.12 1 0
github.com/stubbedev/srv/internal/daemon/service.go:362.41,364.16 2 0
github.com/stubbedev/srv/internal/daemon/service.go:364.16,366.3 1 0
github.com/stubbedev/srv/internal/daemon/service.go:369.2,369.50 1 0
github.com/stubbedev/srv/internal/daemon/service.go:369.50,371.3 1 0
github.com/stubbedev/srv/internal/daemon/service.go:372.2,372.22 1 0
github.com/stubbedev/srv/internal/daemon/service.go:378.36,379.9 1 1
github.com/stubbedev/srv/internal/daemon/service.go:380.26,381.30 1 1
github.com/stubbedev/srv/internal/daemon/service.go:382.27,383.28 1 0
github.com/stubbedev/srv/internal/daemon/service.go:384.10,385.61 1 0
github.com/stubbedev/srv/internal/daemon/service.go:390.38,391.9 1 2
github.com/stubbedev/srv/internal/daemon/service.go:392.26,393.28 1 2
github.com/stubbedev/srv/internal/daemon/service.go:394.27,395.28 1 0
github.com/stubbedev/srv/internal/daemon/service.go:396.10,397.28 1 0
github.com/stubbedev/srv/internal/daemon/watch.go:40.68,42.16 2 0
github.com/stubbedev/srv/internal/daemon/watch.go:42.16,44.3 1 0
github.com/stubbedev/srv/internal/daemon/watch.go:51.2,51.46 1 0
github.com/stubbedev/srv/internal/daemon/watch.go:51.46,54.3 2 0
github.com/stubbedev/srv/internal/daemon/watch.go:56.2,57.66 2 0
github.com/stubbedev/srv/internal/daemon/watch.go:57.66,59.3 1 0
github.com/stubbedev/srv/internal/daemon/watch.go:60.2,63.15 3 0
github.com/stubbedev/srv/internal/daemon/watch.go:69.83,71.16 2 0
github.com/stubbedev/srv/internal/daemon/watch.go:71.16,73.3 1 0
github.com/stubbedev/srv/internal/daemon/watch.go:74.2,74.32 1 0
github.com/stubbedev/srv/internal/daemon/watch.go:74.32,75.61 1 0
github.com/stubbedev/srv/internal/daemon/watch.go:75.61,76.12 1 0
github.com/stubbedev/srv/internal/daemon/watch.go:78.3,78.70 1 0
github.com/stubbedev/srv/internal/daemon/watch.go:78.70,80.4 1 0
github.com/stubbedev/srv/internal/daemon/watch.go:82.2,82.12 1 0
github.com/stubbedev/srv/internal/daemon/watch.go:86.68,87.15 1 0
github.com/stubbedev/srv/internal/daemon/watch.go:87.15,87.32 1 0
github.com/stubbedev/srv/internal/daemon/watch.go:89.2,89.6 1 0
github.com/stubbedev/srv/internal/daemon/watch.go:89.6,90.10 1 0
github.com/stubbedev/srv/internal/daemon/watch.go:91.23,92.10 1 0
github.com/stubbedev/srv/internal/daemon/watch.go:93.30,94.11 1 0
github.com/stubbedev/srv/internal/daemon/watch.go:94.11,96.5 1 0
github.com/stubbedev/srv/internal/daemon/watch.go:97.4,97.35 1 0
github.com/stubbedev/srv/internal/daemon/watch.go:98.32,99.11 1 0
github.com/stubbedev/srv/internal/daemon/watch.go:99.11,101.5 1 0
github.com/stubbedev/srv/internal/daemon/watch.go:102.4,102.39 1 0
github.com/stubbedev/srv/internal/daemon/watch.go:108.97,110.80 1 0
github.com/stubbedev/srv/internal/daemon/watch.go:110.80,111.57 1 0
github.com/stubbedev/srv/internal/daemon/watch.go:111.57,112.44 1 0
github.com/stubbedev/srv/internal/daemon/watch.go:112.44,116.5 3 0
github.com/stubbedev/srv/internal/daemon/watch.go:118.3,118.9 1 0
github.com/stubbedev/srv/internal/daemon/watch.go:122.2,122.57 1 0
github.com/stubbedev/srv/internal/daemon/watch.go:122.57,124.3 1 0
github.com/stubbedev/srv/internal/daemon/watch.go:127.2,127.32 1 0
github.com/stubbedev/srv/internal/daemon/watch.go:127.32,129.3 1 0
github.com/stubbedev/srv/internal/daemon/watch.go:130.2,131.56 2 0
github.com/stubbedev/srv/internal/daemon/watch.go:131.56,133.3 1 0
github.com/stubbedev/srv/internal/daemon/watch.go:134.2,134.55 1 0
github.com/stubbedev/srv/internal/daemon/watch.go:134.55,136.3 1 0
github.com/stubbedev/srv/internal/daemon/watch.go:141.88,144.37 3 7
github.com/stubbedev/srv/internal/daemon/watch.go:144.37,146.3 1 4
github.com/stubbedev/srv/internal/daemon/watch.go:147.2,147.52 1 7
github.com/stubbedev/srv/internal/daemon/watch.go:147.52,152.3 4 3
github.com/stubbedev/srv/internal/daemon/watch.go:158.65,161.9 3 0
github.com/stubbedev/srv/internal/daemon/watch.go:161.9,164.3 2 0
github.com/stubbedev/srv/internal/daemon/watch.go:165.2,169.16 4 0
github.com/stubbedev/srv/internal/daemon/watch.go:169.16,172.3 2 0
github.com/stubbedev/srv/internal/daemon/watch.go:173.2,173.17 1 0
github.com/stubbedev/srv/internal/daemon/watch.go:173.17,176.3 1 0
github.com/stubbedev/srv/internal/daemon/watch.go:177.2,177.33 1 0
github.com/stubbedev/srv/internal/daemon/watch.go:177.33,179.3 1 0
github.com/stubbedev/srv/internal/daemon/watch.go:184.2,184.22 1 0
github.com/stubbedev/srv/internal/daemon/watch.go:184.22,186.43 2 0
github.com/stubbedev/srv/internal/daemon/watch.go:186.43,189.4 2 0
github.com/stubbedev/srv/internal/daemon/watch.go:190.3,190.78 1 0
github.com/stubbedev/srv/internal/daemon/watch.go:190.78,193.4 2 0
github.com/stubbedev/srv/internal/daemon/watch.go:194.3,194.81 1 0
github.com/stubbedev/srv/internal/daemon/watch.go:195.8,197.3 1 0
github.com/stubbedev/srv/internal/daemon/watch.go:201.47,203.2 1 2
github.com/stubbedev/srv/internal/daemon/watch.go:207.53,209.16 2 2
github.com/stubbedev/srv/internal/daemon/watch.go:209.16,210.25 1 1
github.com/stubbedev/srv/internal/daemon/watch.go:210.25,212.4 1 1
github.com/stubbedev/srv/internal/daemon/watch.go:213.3,213.18 1 0
github.com/stubbedev/srv/internal/daemon/watch.go:215.2,215.21 1 1
github.com/stubbedev/srv/internal/shell/shell.go:55.35,58.16 3 2
github.com/stubbedev/srv/internal/shell/shell.go:58.16,58.34 1 2
github.com/stubbedev/srv/internal/shell/shell.go:64.45,64.82 1 1
github.com/stubbedev/srv/internal/shell/shell.go:67.77,69.2 1 0
github.com/stubbedev/srv/internal/shell/shell.go:72.60,74.2 1 1
github.com/stubbedev/srv/internal/shell/shell.go:77.92,79.2 1 0
github.com/stubbedev/srv/internal/shell/shell.go:82.68,84.2 1 1
github.com/stubbedev/srv/internal/shell/shell.go:87.36,87.71 1 1
github.com/stubbedev/srv/internal/shell/shell.go:90.51,90.91 1 1
github.com/stubbedev/srv/internal/shell/shell.go:93.44,93.87 1 1
github.com/stubbedev/srv/internal/shell/shell.go:96.35,96.69 1 1
github.com/stubbedev/srv/internal/shell/shell.go:99.36,99.71 1 1
github.com/stubbedev/srv/internal/shell/shell.go:102.50,102.99 1 1
github.com/stubbedev/srv/internal/shell/shell.go:105.31,105.62 1 1
github.com/stubbedev/srv/internal/shell/shell.go:108.43,108.77 1 1
github.com/stubbedev/srv/internal/shell/shell.go:111.55,113.2 1 1
github.com/stubbedev/srv/internal/shell/shell.go:116.46,116.90 1 1
github.com/stubbedev/srv/internal/shell/shell.go:124.56,129.2 4 0
github.com/stubbedev/srv/internal/shell/shell.go:131.88,136.2 4 0
github.com/stubbedev/srv/internal/shell/shell.go:138.71,140.2 1 0
github.com/stubbedev/srv/internal/shell/shell.go:142.103,144.2 1 0
github.com/stubbedev/srv/internal/shell/shell.go:146.79,151.2 4 0
github.com/stubbedev/srv/internal/shell/shell.go:153.49,153.82 1 0
github.com/stubbedev/srv/internal/shell/shell.go:155.64,155.102 1 0
github.com/stubbedev/srv/internal/shell/shell.go:157.57,159.2 1 0
github.com/stubbedev/srv/internal/shell/shell.go:161.48,161.89 1 0
github.com/stubbedev/srv/internal/shell/shell.go:163.49,163.87 1 0
github.com/stubbedev/srv/internal/shell/shell.go:165.63,167.2 1 0
github.com/stubbedev/srv/internal/shell/shell.go:169.42,172.2 2 0
github.com/stubbedev/srv/internal/shell/shell.go:174.56,174.94 1 0
github.com/stubbedev/srv/internal/shell/shell.go:176.68,178.20 2 0
github.com/stubbedev/srv/internal/shell/shell.go:178.20,180.3 1 0
github.com/stubbedev/srv/internal/shell/shell.go:183.2,184.16 2 0
github.com/stubbedev/srv/internal/shell/shell.go:184.16,185.28 1 0
github.com/stubbedev/srv/internal/shell/shell.go:185.28,187.4 1 0
github.com/stubbedev/srv/internal/shell/shell.go:189.8,192.3 2 0
github.com/stubbedev/srv/internal/shell/shell.go:195.2,200.9 4 0
github.com/stubbedev/srv/internal/shell/shell.go:201.22,202.58 1 0
github.com/stubbedev/srv/internal/shell/shell.go:203.27,204.63 1 0
github.com/stubbedev/srv/internal/shell/shell.go:205.10,206.20 1 0
github.com/stubbedev/srv/internal/shell/shell.go:209.2,209.16 1 0
github.com/stubbedev/srv/internal/shell/shell.go:209.16,211.3 1 0
github.com/stubbedev/srv/internal/shell/shell.go:213.2,213.58 1 0
github.com/stubbedev/srv/internal/shell/shell.go:216.59,222.20 3 0
github.com/stubbedev/srv/internal/shell/shell.go:222.20,224.17 2 0
github.com/stubbedev/srv/internal/shell/shell.go:224.17,225.65 1 0
github.com/stubbedev/srv/internal/shell/shell.go:225.65,227.5 1 0
github.com/stubbedev/srv/internal/shell/shell.go:233.2,233.22 1 0
github.com/stubbedev/srv/internal/shell/shell.go:233.22,235.17 2 0
github.com/stubbedev/srv/internal/shell/shell.go:235.17,236.61 1 0
github.com/stubbedev/srv/internal/shell/shell.go:236.61,238.5 1 0
github.com/stubbedev/srv/internal/shell/shell.go:242.2,242.11 1 0
github.com/stubbedev/srv/internal/shell/shell.go:249.55,251.51 2 6
github.com/stubbedev/srv/internal/shell/shell.go:251.51,253.29 2 8
github.com/stubbedev/srv/internal/shell/shell.go:253.29,254.45 1 36
github.com/stubbedev/srv/internal/shell/shell.go:254.45,255.13 1 31
github.com/stubbedev/srv/internal/shell/shell.go:260.4,260.18 1 5
github.com/stubbedev/srv/internal/shell/shell.go:260.18,263.60 2 4
github.com/stubbedev/srv/internal/shell/shell.go:263.60,264.14 1 1
github.com/stubbedev/srv/internal/shell/shell.go:267.4,267.15 1 4
github.com/stubbedev/srv/internal/shell/shell.go:270.2,270.14 1 2
github.com/stubbedev/srv/internal/shell/shell.go:275.53,277.51 2 5
github.com/stubbedev/srv/internal/shell/shell.go:277.51,279.22 2 12
github.com/stubbedev/srv/internal/shell/shell.go:279.22,280.12 1 4
github.com/stubbedev/srv/internal/shell/shell.go:282.3,282.48 1 8
github.com/stubbedev/srv/internal/shell/shell.go:282.48,283.12 1 6
github.com/stubbedev/srv/internal/shell/shell.go:285.3,285.28 1 2
github.com/stubbedev/srv/internal/shell/shell.go:285.28,286.38 1 12
github.com/stubbedev/srv/internal/shell/shell.go:286.38,287.50 1 2
github.com/stubbedev/srv/internal/shell/shell.go:287.50,289.6 1 2
github.com/stubbedev/srv/internal/shell/shell.go:293.2,293.11 1 3
github.com/stubbedev/srv/internal/shell/shell.go:298.49,299.70 1 6
github.com/stubbedev/srv/internal/shell/shell.go:299.70,300.52 1 8
github.com/stubbedev/srv/internal/shell/shell.go:300.52,301.19 1 3
github.com/stubbedev/srv/internal/shell/shell.go:301.19,303.5 1 2
github.com/stubbedev/srv/internal/shell/shell.go:306.2,306.11 1 4
github.com/stubbedev/srv/internal/shell/shell.go:310.39,311.16 1 4
github.com/stubbedev/srv/internal/shell/shell.go:311.16,313.3 1 1
github.com/stubbedev/srv/internal/shell/shell.go:314.2,316.59 2 3
github.com/stubbedev/srv/internal/shell/shell.go:321.46,323.9 2 7
github.com/stubbedev/srv/internal/shell/shell.go:323.9,325.3 1 2
github.com/stubbedev/srv/internal/shell/shell.go:326.2,327.9 2 5
github.com/stubbedev/srv/internal/shell/shell.go:327.9,329.3 1 1
github.com/stubbedev/srv/internal/shell/shell.go:330.2,330.15 1 4
github.com/stubbedev/srv/internal/importers/valet/parse.go:24.41,26.16 2 3
github.com/stubbedev/srv/internal/importers/valet/parse.go:26.16,28.3 1 1
github.com/stubbedev/srv/internal/importers/valet/parse.go:29.2,30.46 2 2
github.com/stubbedev/srv/internal/importers/valet/parse.go:30.46,32.3 1 1
github.com/stubbedev/srv/internal/importers/valet/parse.go:33.2,33.10 1 1
github.com/stubbedev/srv/internal/importers/valet/parse.go:72.81,74.16 2 3
github.com/stubbedev/srv/internal/importers/valet/parse.go:74.16,76.3 1 1
github.com/stubbedev/srv/internal/importers/valet/parse.go:77.2,78.32 2 2
github.com/stubbedev/srv/internal/importers/valet/parse.go:78.32,79.20 1 4
github.com/stubbedev/srv/internal/importers/valet/parse.go:79.20,80.12 1 1
github.com/stubbedev/srv/internal/importers/valet/parse.go:82.3,83.67 2 3
github.com/stubbedev/srv/internal/importers/valet/parse.go:83.67,84.12 1 2
github.com/stubbedev/srv/internal/importers/valet/parse.go:86.3,88.18 3 1
github.com/stubbedev/srv/internal/importers/valet/parse.go:88.18,90.4 1 1
github.com/stubbedev/srv/internal/importers/valet/parse.go:91.3,91.30 1 1
github.com/stubbedev/srv/internal/importers/valet/parse.go:93.2,93.19 1 2
github.com/stubbedev/srv/internal/importers/valet/parse.go:97.76,99.16 2 4
github.com/stubbedev/srv/internal/importers/valet/parse.go:99.16,101.3 1 0
github.com/stubbedev/srv/internal/importers/valet/parse.go:102.2,106.27 3 4
github.com/stubbedev/srv/internal/importers/valet/parse.go:106.27,107.69 1 7
github.com/stubbedev/srv/internal/importers/valet/parse.go:107.69,109.4 1 1
github.com/stubbedev/srv/internal/importers/valet/parse.go:114.2,115.27 2 4
github.com/stubbedev/srv/internal/importers/valet/parse.go:115.27,116.31 1 6
github.com/stubbedev/srv/internal/importers/valet/parse.go:116.31,118.9 2 3
github.com/stubbedev/srv/internal/importers/valet/parse.go:121.2,121.19 1 4
github.com/stubbedev/srv/internal/importers/valet/parse.go:121.19,122.28 1 1
github.com/stubbedev/srv/internal/importers/valet/parse.go:122.28,123.31 1 2
github.com/stubbedev/srv/internal/importers/valet/parse.go:123.31,125.10 2 0
github.com/stubbedev/srv/internal/importers/valet/parse.go:129.2,129.19 1 4
github.com/stubbedev/srv/internal/importers/valet/parse.go:129.19,131.3 1 1
github.com/stubbedev/srv/internal/importers/valet/parse.go:133.2,135.16 2 3
github.com/stubbedev/srv/internal/importers/valet/parse.go:135.16,137.3 1 2
github.com/stubbedev/srv/internal/importers/valet/parse.go:138.2,138.18 1 3
github.com/stubbedev/srv/internal/importers/valet/parse.go:143.50,144.62 1 3
github.com/stubbedev/srv/internal/importers/valet/parse.go:144.62,147.27 3 3
github.com/stubbedev/srv/internal/importers/valet/parse.go:147.27,149.15 2 7
github.com/stubbedev/srv/internal/importers/valet/parse.go:149.15,150.13 1 0
github.com/stubbedev/srv/internal/importers/valet/parse.go:152.4,152.34 1 7
github.com/stubbedev/srv/internal/importers/valet/parse.go:152.34,154.13 2 2
github.com/stubbedev/srv/internal/importers/valet/parse.go:156.4,156.36 1 5
github.com/stubbedev/srv/internal/importers/valet/parse.go:156.36,158.13 1 2
github.com/stubbedev/srv/internal/importers/valet/parse.go:160.4,160.16 1 3
github.com/stubbedev/srv/internal/importers/valet/parse.go:160.16,161.13 1 0
github.com/stubbedev/srv/internal/importers/valet/parse.go:163.4,164.25 2 3
github.com/stubbedev/srv/internal/importers/valet/parse.go:164.25,166.5 1 3
github.com/stubbedev/srv/internal/importers/valet/parse.go:166.10,168.5 1 0
github.com/stubbedev/srv/internal/importers/valet/parse.go:172.2,172.45 1 3
github.com/stubbedev/srv/internal/importers/valet/parse.go:172.45,174.3 1 2
github.com/stubbedev/srv/internal/importers/valet/parse.go:176.2,176.65 1 3
github.com/stubbedev/srv/internal/importers/valet/parse.go:176.65,178.3 1 1
github.com/stubbedev/srv/internal/importers/valet/parse.go:179.2,179.70 1 3
github.com/stubbedev/srv/internal/importers/valet/parse.go:179.70,181.3 1 1
github.com/stubbedev/srv/internal/importers/valet/parse.go:182.2,182.70 1 3
github.com/stubbedev/srv/internal/importers/valet/parse.go:182.70,184.3 1 1
github.com/stubbedev/srv/internal/importers/valet/parse.go:185.2,185.73 1 3
github.com/stubbedev/srv/internal/importers/valet/parse.go:185.73,187.3 1 1
github.com/stubbedev/srv/internal/importers/valet/parse.go:194.2,196.26 3 3
github.com/stubbedev/srv/internal/importers/valet/parse.go:196.26,197.18 1 1
github.com/stubbedev/srv/internal/importers/valet/parse.go:197.18,200.64 3 1
github.com/stubbedev/srv/internal/importers/valet/parse.go:200.64,202.5 1 1
github.com/stubbedev/srv/internal/importers/valet/parse.go:205.2,205.65 1 3
github.com/stubbedev/srv/internal/importers/valet/parse.go:205.65,206.39 1 1
github.com/stubbedev/srv/internal/importers/valet/parse.go:206.39,208.4 1 1
github.com/stubbedev/srv/internal/importers/valet/parse.go:213.2,214.26 2 3
github.com/stubbedev/srv/internal/importers/valet/parse.go:214.26,215.17 1 4
github.com/stubbedev/srv/internal/importers/valet/parse.go:215.17,216.12 1 0
github.com/stubbedev/srv/internal/importers/valet/parse.go:218.3,220.18 3 4
github.com/stubbedev/srv/internal/importers/valet/parse.go:220.18,222.64 1 3
github.com/stubbedev/srv/internal/importers/valet/parse.go:222.64,224.5 1 1
github.com/stubbedev/srv/internal/importers/valet/parse.go:225.4,225.12 1 3
github.com/stubbedev/srv/internal/importers/valet/parse.go:227.3,227.63 1 1
github.com/stubbedev/srv/internal/importers/valet/parse.go:227.63,229.17 2 1
github.com/stubbedev/srv/internal/importers/valet/parse.go:229.17,230.13 1 0
github.com/stubbedev/srv/internal/importers/valet/parse.go:232.4,236.6 1 1
github.com/stubbedev/srv/internal/importers/valet/parse.go:241.2,242.30 2 3
github.com/stubbedev/srv/internal/importers/valet/parse.go:242.30,243.17 1 3
github.com/stubbedev/srv/internal/importers/valet/parse.go:243.17,244.12 1 0
github.com/stubbedev/srv/internal/importers/valet/parse.go:246.3,250.18 5 3
github.com/stubbedev/srv/internal/importers/valet/parse.go:250.18,251.12 1 2
github.com/stubbedev/srv/internal/importers/valet/parse.go:253.3,254.16 2 1
github.com/stubbedev/srv/internal/importers/valet/parse.go:254.16,257.12 2 0
github.com/stubbedev/srv/internal/importers/valet/parse.go:259.3,264.19 2 1
github.com/stubbedev/srv/internal/importers/valet/parse.go:264.19,266.4 1 1
github.com/stubbedev/srv/internal/importers/valet/parse.go:267.3,267.43 1 1
github.com/stubbedev/srv/internal/importers/valet/parse.go:283.84,285.49 2 10
github.com/stubbedev/srv/internal/importers/valet/parse.go:285.49,287.3 1 10
github.com/stubbedev/srv/internal/importers/valet/parse.go:292.2,294.24 3 10
github.com/stubbedev/srv/internal/importers/valet/parse.go:294.24,295.25 1 38
github.com/stubbedev/srv/internal/importers/valet/parse.go:295.25,297.4 1 15
github.com/stubbedev/srv/internal/importers/valet/parse.go:298.3,299.37 2 23
github.com/stubbedev/srv/internal/importers/valet/parse.go:301.2,304.34 3 10
github.com/stubbedev/srv/internal/importers/valet/parse.go:304.34,306.3 1 6
github.com/stubbedev/srv/internal/importers/valet/parse.go:308.2,308.39 1 10
github.com/stubbedev/srv/internal/importers/valet/parse.go:308.39,310.3 1 6
github.com/stubbedev/srv/internal/importers/valet/parse.go:312.2,312.26 1 10
github.com/stubbedev/srv/internal/importers/valet/parse.go:312.26,314.3 1 16
github.com/stubbedev/srv/internal/importers/valet/parse.go:317.2,317.20 1 10
github.com/stubbedev/srv/internal/importers/valet/parse.go:317.20,318.32 1 6
github.com/stubbedev/srv/internal/importers/valet/parse.go:318.32,320.61 2 15
github.com/stubbedev/srv/internal/importers/valet/parse.go:320.61,322.5 1 5
github.com/stubbedev/srv/internal/importers/valet/parse.go:327.2,327.37 1 5
github.com/stubbedev/srv/internal/importers/valet/parse.go:327.37,328.41 1 3
github.com/stubbedev/srv/internal/importers/valet/parse.go:328.41,329.12 1 0
github.com/stubbedev/srv/internal/importers/valet/parse.go:331.3,331.32 1 3
github.com/stubbedev/srv/internal/importers/valet/parse.go:331.32,333.59 2 4
github.com/stubbedev/srv/internal/importers/valet/parse.go:333.59,335.5 1 2
github.com/stubbedev/srv/internal/importers/valet/parse.go:338.2,338.11 1 3
github.com/stubbedev/srv/internal/importers/valet/parse.go:344.45,346.6 2 4
github.com/stubbedev/srv/internal/importers/valet/parse.go:346.6,348.14 2 11
github.com/stubbedev/srv/internal/importers/valet/parse.go:348.14,349.9 1 4
github.com/stubbedev/srv/internal/importers/valet/parse.go:352.3,353.16 2 7
github.com/stubbedev/srv/internal/importers/valet/parse.go:353.16,354.9 1 0
github.com/stubbedev/srv/internal/importers/valet/parse.go:356.3,359.37 4 7
github.com/stubbedev/srv/internal/importers/valet/parse.go:359.37,360.18 1 1509
github.com/stubbedev/srv/internal/importers/valet/parse.go:361.13,362.12 1 16
github.com/stubbedev/srv/internal/importers/valet/parse.go:363.13,365.19 2 16
github.com/stubbedev/srv/internal/importers/valet/parse.go:365.19,367.6 1 7
github.com/stubbedev/srv/internal/importers/valet/parse.go:369.4,369.17 1 1509
github.com/stubbedev/srv/internal/importers/valet/parse.go:369.17,370.10 1 7
github.com/stubbedev/srv/internal/importers/valet/parse.go:373.3,373.14 1 7
github.com/stubbedev/srv/internal/importers/valet/parse.go:373.14,374.9 1 0
github.com/stubbedev/srv/internal/importers/valet/parse.go:376.3,377.20 2 7
github.com/stubbedev/srv/internal/importers/valet/parse.go:379.2,379.15 1 4
github.com/stubbedev/srv/internal/importers/valet/parse.go:385.37,390.49 5 2
github.com/stubbedev/srv/internal/importers/valet/parse.go:390.49,392.3 1 0
github.com/stubbedev/srv/internal/importers/valet/parse.go:393.2,393.49 1 2
github.com/stubbedev/srv/internal/importers/valet/parse.go:393.49,397.3 3 2
github.com/stubbedev/srv/internal/importers/valet/parse.go:398.2,398.10 1 0
github.com/stubbedev/srv/internal/importers/valet/parse.go:402.35,406.44 4 1
github.com/stubbedev/srv/internal/importers/valet/parse.go:406.44,408.3 1 0
github.com/stubbedev/srv/internal/importers/valet/parse.go:409.2,409.10 1 1
github.com/stubbedev/srv/internal/importers/valet/parse.go:413.32,417.23 4 2
github.com/stubbedev/srv/internal/importers/valet/parse.go:417.23,418.10 1 22
github.com/stubbedev/srv/internal/importers/valet/parse.go:419.51,420.18 1 9
github.com/stubbedev/srv/internal/importers/valet/parse.go:421.41,422.51 1 3
github.com/stubbedev/srv/internal/importers/valet/parse.go:422.51,424.5 1 1
github.com/stubbedev/srv/internal/importers/valet/parse.go:427.2,427.38 1 2
github.com/stubbedev/srv/internal/importers/valet/parse.go:437.57,439.63 2 1
github.com/stubbedev/srv/internal/importers/valet/parse.go:439.63,440.18 1 1
github.com/stubbedev/srv/internal/importers/valet/parse.go:440.18,444.4 3 1
github.com/stubbedev/srv/internal/importers/valet/parse.go:446.2,446.12 1 1
github.com/stubbedev/srv/internal/importers/valet/parse.go:451.63,452.25 1 1
github.com/stubbedev/srv/internal/importers/valet/parse.go:452.25,454.3 1 1
github.com/stubbedev/srv/internal/importers/valet/parse.go:455.2,455.10 1 1
github.com/stubbedev/srv/internal/pool/pool.go:42.65,48.2 5 18
github.com/stubbedev/srv/internal/pool/pool.go:51.47,53.2 1 7
github.com/stubbedev/srv/internal/pool/pool.go:56.42,58.2 1 7
github.com/stubbedev/srv/internal/pool/pool.go:62.57,64.2 1 10
github.com/stubbedev/srv/internal/pool/pool.go:70.44,72.2 1 6
github.com/stubbedev/srv/internal/pool/pool.go:125.90,128.67 3 4
github.com/stubbedev/srv/internal/pool/pool.go:128.67,130.3 1 1
github.com/stubbedev/srv/internal/pool/pool.go:132.2,132.133 1 3
github.com/stubbedev/srv/internal/pool/pool.go:132.133,134.3 1 0
github.com/stubbedev/srv/internal/pool/pool.go:135.2,135.122 1 3
github.com/stubbedev/srv/internal/pool/pool.go:135.122,137.3 1 0
github.com/stubbedev/srv/internal/pool/pool.go:138.2,138.127 1 3
github.com/stubbedev/srv/internal/pool/pool.go:138.127,140.3 1 0
github.com/stubbedev/srv/internal/pool/pool.go:142.2,144.16 3 3
github.com/stubbedev/srv/internal/pool/pool.go:144.16,146.3 1 0
github.com/stubbedev/srv/internal/pool/pool.go:147.2,148.139 2 3
github.com/stubbedev/srv/internal/pool/pool.go:148.139,150.3 1 0
github.com/stubbedev/srv/internal/pool/pool.go:151.2,151.12 1 3
github.com/stubbedev/srv/internal/pool/pool.go:154.85,161.41 3 5
github.com/stubbedev/srv/internal/pool/pool.go:161.41,161.91 1 4
github.com/stubbedev/srv/internal/pool/pool.go:162.2,162.27 1 5
github.com/stubbedev/srv/internal/pool/pool.go:162.27,168.3 1 5
github.com/stubbedev/srv/internal/pool/pool.go:170.2,200.3 1 5
github.com/stubbedev/srv/internal/pool/pool.go:205.59,207.48 2 2
github.com/stubbedev/srv/internal/pool/pool.go:207.48,209.3 1 1
github.com/stubbedev/srv/internal/pool/pool.go:210.2,210.26 1 1
github.com/stubbedev/srv/internal/shell/shelltest/fake.go:63.47,65.2 1 5
github.com/stubbedev/srv/internal/shell/shelltest/fake.go:67.44,68.35 1 15
github.com/stubbedev/srv/internal/shell/shelltest/fake.go:68.35,70.3 1 10
github.com/stubbedev/srv/internal/shell/shelltest/fake.go:71.2,71.18 1 5
github.com/stubbedev/srv/internal/shell/shelltest/fake.go:76.88,77.22 1 15
github.com/stubbedev/srv/internal/shell/shelltest/fake.go:77.22,78.56 1 0
github.com/stubbedev/srv/internal/shell/shelltest/fake.go:78.56,80.4 1 0
github.com/stubbedev/srv/internal/shell/shelltest/fake.go:82.2,82.22 1 15
github.com/stubbedev/srv/internal/shell/shelltest/fake.go:85.73,90.2 4 16
github.com/stubbedev/srv/internal/shell/shelltest/fake.go:93.34,99.2 5 3
github.com/stubbedev/srv/internal/shell/shelltest/fake.go:101.55,104.2 2 3
github.com/stubbedev/srv/internal/shell/shelltest/fake.go:106.87,107.34 1 1
github.com/stubbedev/srv/internal/shell/shelltest/fake.go:107.34,109.3 1 1
github.com/stubbedev/srv/internal/shell/shelltest/fake.go:110.2,111.62 2 0
github.com/stubbedev/srv/internal/shell/shelltest/fake.go:114.70,118.2 3 1
github.com/stubbedev/srv/internal/shell/shelltest/fake.go:120.102,121.34 1 1
github.com/stubbedev/srv/internal/shell/shelltest/fake.go:121.34,123.3 1 1
github.com/stubbedev/srv/internal/shell/shelltest/fake.go:124.2,126.21 3 0
github.com/stubbedev/srv/internal/shell/shelltest/fake.go:129.78,132.2 2 1
github.com/stubbedev/srv/internal/shell/shelltest/fake.go:134.46,136.19 2 1
github.com/stubbedev/srv/internal/shell/shelltest/fake.go:136.19,138.3 1 1
github.com/stubbedev/srv/internal/shell/shelltest/fake.go:139.2,140.65 2 1
github.com/stubbedev/srv/internal/shell/shelltest/fake.go:143.61,145.19 2 1
github.com/stubbedev/srv/internal/shell/shelltest/fake.go:145.19,147.3 1 1
github.com/stubbedev/srv/internal/shell/shelltest/fake.go:148.2,150.21 3 1
github.com/stubbedev/srv/internal/shell/shelltest/fake.go:153.54,157.2 3 1
github.com/stubbedev/srv/internal/shell/shelltest/fake.go:159.45,163.2 3 1
github.com/stubbedev/srv/internal/shell/shelltest/fake.go:165.46,169.2 3 1
github.com/stubbedev/srv/internal/shell/shelltest/fake.go:171.60,175.2 3 1
github.com/stubbedev/srv/internal/shell/shelltest/fake.go:177.41,179.22 2 1
github.com/stubbedev/srv/internal/shell/shelltest/fake.go:179.22,180.54 1 0
github.com/stubbedev/srv/internal/shell/shelltest/fake.go:180.54,182.4 1 0
github.com/stubbedev/srv/internal/shell/shelltest/fake.go:184.2,184.36 1 1
github.com/stubbedev/srv/internal/shell/shelltest/fake.go:184.36,186.3 1 1
github.com/stubbedev/srv/internal/shell/shelltest/fake.go:187.2,187.25 1 0
github.com/stubbedev/srv/internal/shell/shelltest/fake.go:190.53,194.2 3 1
github.com/stubbedev/srv/internal/shell/shelltest/fake.go:196.65,200.2 3 1
github.com/stubbedev/srv/internal/shell/shelltest/fake.go:202.56,205.2 2 2
github.com/stubbedev/srv/internal/ui/ui.go:62.13,64.2 1 1
github.com/stubbedev/srv/internal/ui/ui.go:67.20,68.31 1 1
github.com/stubbedev/srv/internal/ui/ui.go:68.31,70.3 1 1
github.com/stubbedev/srv/internal/ui/ui.go:72.2,72.20 1 1
github.com/stubbedev/srv/internal/ui/ui.go:72.20,82.3 9 1
github.com/stubbedev/srv/internal/ui/ui.go:82.8,92.3 9 0
github.com/stubbedev/srv/internal/ui/ui.go:96.34,104.51 4 11
github.com/stubbedev/srv/internal/ui/ui.go:104.51,106.3 1 3
github.com/stubbedev/srv/internal/ui/ui.go:109.2,110.33 2 8
github.com/stubbedev/srv/internal/ui/ui.go:110.33,111.32 1 33
github.com/stubbedev/srv/internal/ui/ui.go:111.32,113.4 1 6
github.com/stubbedev/srv/internal/ui/ui.go:117.2,117.37 1 2
github.com/stubbedev/srv/internal/ui/ui.go:117.37,119.3 1 1
github.com/stubbedev/srv/internal/ui/ui.go:121.2,121.14 1 1
github.com/stubbedev/srv/internal/ui/ui.go:133.42,135.20 2 2
github.com/stubbedev/srv/internal/ui/ui.go:135.20,137.3 1 2
github.com/stubbedev/srv/internal/ui/ui.go:138.2,142.3 1 2
github.com/stubbedev/srv/internal/ui/ui.go:147.27,148.12 1 0
github.com/stubbedev/srv/internal/ui/ui.go:148.12,154.7 5 0
github.com/stubbedev/srv/internal/ui/ui.go:154.7,155.11 1 0
github.com/stubbedev/srv/internal/ui/ui.go:156.18,157.11 1 0
github.com/stubbedev/srv/internal/ui/ui.go:158.19,161.11 2 0
github.com/stubbedev/srv/internal/ui/ui.go:162.20,164.8 2 0
github.com/stubbedev/srv/internal/ui/ui.go:171.26,172.23 1 2
github.com/stubbedev/srv/internal/ui/ui.go:172.23,175.3 2 1
github.com/stubbedev/srv/internal/ui/ui.go:179.51,182.2 2 0
github.com/stubbedev/srv/internal/ui/ui.go:185.49,188.2 2 0
github.com/stubbedev/srv/internal/ui/ui.go:197.33,199.2 1 2
github.com/stubbedev/srv/internal/ui/ui.go:202.50,207.2 4 2
github.com/stubbedev/srv/internal/ui/ui.go:210.50,214.2 3 1
github.com/stubbedev/srv/internal/ui/ui.go:217.50,221.2 3 1
github.com/stubbedev/srv/internal/ui/ui.go:224.42,227.2 2 0
github.com/stubbedev/srv/internal/ui/ui.go:230.40,233.2 2 0
github.com/stubbedev/srv/internal/ui/ui.go:236.39,239.2 2 0
github.com/stubbedev/srv/internal/ui/ui.go:242.39,245.2 2 0
github.com/stubbedev/srv/internal/ui/ui.go:248.38,250.2 1 0
github.com/stubbedev/srv/internal/ui/ui.go:253.39,255.2 1 0
github.com/stubbedev/srv/internal/ui/ui.go:258.39,260.2 1 0
github.com/stubbedev/srv/internal/ui/ui.go:263.40,265.2 1 0
github.com/stubbedev/srv/internal/ui/ui.go:268.14,270.2 1 0
github.com/stubbedev/srv/internal/ui/ui.go:279.58,283.2 3 1
github.com/stubbedev/srv/internal/ui/ui.go:286.45,287.13 1 2
github.com/stubbedev/srv/internal/ui/ui.go:287.13,289.3 1 1
github.com/stubbedev/srv/internal/ui/ui.go:293.59,296.2 2 4
github.com/stubbedev/srv/internal/ui/ui.go:299.61,303.2 3 0
github.com/stubbedev/srv/internal/ui/ui.go:306.59,310.2 3 0
github.com/stubbedev/srv/internal/ui/ui.go:313.58,317.2 3 0
github.com/stubbedev/srv/internal/ui/ui.go:320.58,324.2 3 0
github.com/stubbedev/srv/internal/ui/ui.go:327.57,329.2 1 0
github.com/stubbedev/srv/internal/ui/ui.go:336.61,340.2 3 0
github.com/stubbedev/srv/internal/ui/ui.go:343.44,348.2 4 0
github.com/stubbedev/srv/internal/ui/ui.go:351.43,356.2 4 0
github.com/stubbedev/srv/internal/ui/ui.go:359.40,360.16 1 10
github.com/stubbedev/srv/internal/ui/ui.go:361.26,362.37 1 2
github.com/stubbedev/srv/internal/ui/ui.go:363.25,364.33 1 2
github.com/stubbedev/srv/internal/ui/ui.go:365.38,366.35 1 3
github.com/stubbedev/srv/internal/ui/ui.go:367.18,368.34 1 1
github.com/stubbedev/srv/internal/ui/ui.go:369.10,371.57 1 2
github.com/stubbedev/srv/internal/ui/ui.go:371.57,373.4 1 1
github.com/stubbedev/srv/internal/ui/ui.go:374.3,374.16 1 1
github.com/stubbedev/srv/internal/ui/ui.go:379.37,380.13 1 2
github.com/stubbedev/srv/internal/ui/ui.go:380.13,382.3 1 1
github.com/stubbedev/srv/internal/ui/ui.go:383.2,383.42 1 1
github.com/stubbedev/srv/internal/ui/ui.go:387.33,389.2 1 1
github.com/stubbedev/srv/internal/ui/ui.go:392.35,394.2 1 1
github.com/stubbedev/srv/internal/ui/ui.go:397.33,399.2 1 1
github.com/stubbedev/srv/internal/ui/ui.go:402.32,404.2 1 1
github.com/stubbedev/srv/internal/ui/ui.go:407.32,409.2 1 1
github.com/stubbedev/srv/internal/ui/ui.go:412.31,414.2 1 1
github.com/stubbedev/srv/internal/ui/ui.go:417.52,418.20 1 2
github.com/stubbedev/srv/internal/ui/ui.go:418.20,420.3 1 1
github.com/stubbedev/srv/internal/ui/ui.go:423.2,424.28 2 1
github.com/stubbedev/srv/internal/ui/ui.go:424.28,426.3 1 1
github.com/stubbedev/srv/internal/ui/ui.go:427.2,427.27 1 1
github.com/stubbedev/srv/internal/ui/ui.go:427.27,428.28 1 1
github.com/stubbedev/srv/internal/ui/ui.go:428.28,431.53 2 1
github.com/stubbedev/srv/internal/ui/ui.go:431.53,433.5 1 1
github.com/stubbedev/srv/internal/ui/ui.go:438.2,439.28 2 1
github.com/stubbedev/srv/internal/ui/ui.go:439.28,441.25 2 1
github.com/stubbedev/srv/internal/ui/ui.go:441.25,443.4 1 0
github.com/stubbedev/srv/internal/ui/ui.go:445.2,448.27 2 1
github.com/stubbedev/srv/internal/ui/ui.go:448.27,450.24 2 1
github.com/stubbedev/srv/internal/ui/ui.go:450.24,452.4 1 0
github.com/stubbedev/srv/internal/ui/ui.go:454.2,457.27 2 1
github.com/stubbedev/srv/internal/ui/ui.go:457.27,458.28 1 1
github.com/stubbedev/srv/internal/ui/ui.go:458.28,459.23 1 1
github.com/stubbedev/srv/internal/ui/ui.go:459.23,464.23 4 1
github.com/stubbedev/srv/internal/ui/ui.go:464.23,466.6 1 0
github.com/stubbedev/srv/internal/ui/ui.go:469.3,469.16 1 1
github.com/stubbedev/srv/internal/ui/ui.go:477.33,480.22 3 29
github.com/stubbedev/srv/internal/ui/ui.go:480.22,481.18 1 345
github.com/stubbedev/srv/internal/ui/ui.go:481.18,483.12 2 47
github.com/stubbedev/srv/internal/ui/ui.go:485.3,485.15 1 298
github.com/stubbedev/srv/internal/ui/ui.go:485.15,487.56 1 148
github.com/stubbedev/srv/internal/ui/ui.go:487.56,489.5 1 47
github.com/stubbedev/srv/internal/ui/ui.go:490.4,490.12 1 148
github.com/stubbedev/srv/internal/ui/ui.go:492.3,492.22 1 150
github.com/stubbedev/srv/internal/ui/ui.go:494.2,494.24 1 29
github.com/stubbedev/srv/cmd/alias.go:30.117,31.21 1 0
github.com/stubbedev/srv/cmd/alias.go:31.21,33.4 1 0
github.com/stubbedev/srv/cmd/alias.go:34.3,34.49 1 0
github.com/stubbedev/srv/cmd/alias.go:44.117,45.21 1 0
github.com/stubbedev/srv/cmd/alias.go:45.21,47.4 1 0
github.com/stubbedev/srv/cmd/alias.go:48.3,48.21 1 0
github.com/stubbedev/srv/cmd/alias.go:48.21,50.4 1 0
github.com/stubbedev/srv/cmd/alias.go:51.3,51.49 1 0
github.com/stubbedev/srv/cmd/alias.go:60.117,61.21 1 0
github.com/stubbedev/srv/cmd/alias.go:61.21,63.4 1 0
github.com/stubbedev/srv/cmd/alias.go:64.3,64.49 1 0
github.com/stubbedev/srv/cmd/alias.go:68.13,72.2 3 1
github.com/stubbedev/srv/cmd/alias.go:74.59,78.46 3 3
github.com/stubbedev/srv/cmd/alias.go:78.46,80.3 1 1
github.com/stubbedev/srv/cmd/alias.go:82.2,83.16 2 2
github.com/stubbedev/srv/cmd/alias.go:83.16,85.3 1 0
github.com/stubbedev/srv/cmd/alias.go:86.2,86.17 1 2
github.com/stubbedev/srv/cmd/alias.go:86.17,88.3 1 1
github.com/stubbedev/srv/cmd/alias.go:89.2,89.28 1 1
github.com/stubbedev/srv/cmd/alias.go:89.28,91.3 1 0
github.com/stubbedev/srv/cmd/alias.go:93.2,93.33 1 1
github.com/stubbedev/srv/cmd/alias.go:93.33,94.17 1 2
github.com/stubbedev/srv/cmd/alias.go:94.17,97.4 2 1
github.com/stubbedev/srv/cmd/alias.go:100.2,101.64 2 0
github.com/stubbedev/srv/cmd/alias.go:101.64,103.3 1 0
github.com/stubbedev/srv/cmd/alias.go:105.2,105.18 1 0
github.com/stubbedev/srv/cmd/alias.go:105.18,106.75 1 0
github.com/stubbedev/srv/cmd/alias.go:106.75,108.4 1 0
github.com/stubbedev/srv/cmd/alias.go:109.3,109.59 1 0
github.com/stubbedev/srv/cmd/alias.go:112.2,112.62 1 0
github.com/stubbedev/srv/cmd/alias.go:112.62,114.3 1 0
github.com/stubbedev/srv/cmd/alias.go:116.2,118.12 3 0
github.com/stubbedev/srv/cmd/alias.go:121.62,126.16 4 3
github.com/stubbedev/srv/cmd/alias.go:126.16,128.3 1 0
github.com/stubbedev/srv/cmd/alias.go:129.2,129.17 1 3
github.com/stubbedev/srv/cmd/alias.go:129.17,131.3 1 1
github.com/stubbedev/srv/cmd/alias.go:132.2,132.55 1 2
github.com/stubbedev/srv/cmd/alias.go:132.55,134.3 1 1
github.com/stubbedev/srv/cmd/alias.go:136.2,138.33 3 1
github.com/stubbedev/srv/cmd/alias.go:138.33,139.17 1 1
github.com/stubbedev/srv/cmd/alias.go:139.17,141.12 2 0
github.com/stubbedev/srv/cmd/alias.go:143.3,143.33 1 1
github.com/stubbedev/srv/cmd/alias.go:145.2,145.14 1 1
github.com/stubbedev/srv/cmd/alias.go:145.14,147.3 1 1
github.com/stubbedev/srv/cmd/alias.go:148.2,150.64 2 0
github.com/stubbedev/srv/cmd/alias.go:150.64,152.3 1 0
github.com/stubbedev/srv/cmd/alias.go:154.2,154.18 1 0
github.com/stubbedev/srv/cmd/alias.go:154.18,155.62 1 0
github.com/stubbedev/srv/cmd/alias.go:155.62,157.4 1 0
github.com/stubbedev/srv/cmd/alias.go:159.3,159.59 1 0
github.com/stubbedev/srv/cmd/alias.go:162.2,162.62 1 0
github.com/stubbedev/srv/cmd/alias.go:162.62,164.3 1 0
github.com/stubbedev/srv/cmd/alias.go:166.2,168.12 3 0
github.com/stubbedev/srv/cmd/alias.go:171.60,174.16 3 4
github.com/stubbedev/srv/cmd/alias.go:174.16,176.3 1 0
github.com/stubbedev/srv/cmd/alias.go:177.2,177.17 1 4
github.com/stubbedev/srv/cmd/alias.go:177.17,179.3 1 1
github.com/stubbedev/srv/cmd/alias.go:180.2,180.28 1 3
github.com/stubbedev/srv/cmd/alias.go:180.28,183.3 2 1
github.com/stubbedev/srv/cmd/alias.go:185.2,186.28 2 2
github.com/stubbedev/srv/cmd/alias.go:186.28,189.3 2 1
github.com/stubbedev/srv/cmd/alias.go:190.2,190.41 1 1
github.com/stubbedev/srv/cmd/alias.go:190.41,192.3 1 2
github.com/stubbedev/srv/cmd/alias.go:193.2,193.12 1 1
github.com/stubbedev/srv/cmd/alias.go:200.76,201.39 1 2
github.com/stubbedev/srv/cmd/alias.go:201.39,203.3 1 2
github.com/stubbedev/srv/cmd/alias.go:204.2,205.16 2 0
github.com/stubbedev/srv/cmd/alias.go:205.16,207.3 1 0
github.com/stubbedev/srv/cmd/alias.go:208.2,216.4 1 0
github.com/stubbedev/srv/cmd/colors.go:11.25,23.63 9 0
github.com/stubbedev/srv/cmd/colors.go:23.63,26.38 2 0
github.com/stubbedev/srv/cmd/colors.go:26.38,27.60 1 0
github.com/stubbedev/srv/cmd/colors.go:27.60,31.5 2 0
github.com/stubbedev/srv/cmd/colors.go:31.10,33.5 1 0
github.com/stubbedev/srv/cmd/colors.go:35.3,35.24 1 0
github.com/stubbedev/srv/cmd/colors.go:39.2,71.36 2 0
github.com/stubbedev/srv/cmd/colors.go:75.36,78.22 3 2
github.com/stubbedev/srv/cmd/colors.go:78.22,79.16 1 5
github.com/stubbedev/srv/cmd/colors.go:79.16,82.4 2 2
github.com/stubbedev/srv/cmd/colors.go:82.9,84.4 1 3
github.com/stubbedev/srv/cmd/colors.go:86.2,86.19 1 2
github.com/stubbedev/srv/cmd/colors.go:86.19,88.3 1 1
github.com/stubbedev/srv/cmd/colors.go:89.2,89.14 1 2
github.com/stubbedev/srv/cmd/colors.go:93.71,100.25 3 2
github.com/stubbedev/srv/cmd/colors.go:100.25,101.28 1 4
github.com/stubbedev/srv/cmd/colors.go:101.28,104.9 3 2
github.com/stubbedev/srv/cmd/colors.go:109.2,111.28 3 2
github.com/stubbedev/srv/cmd/colors.go:111.28,112.15 1 23
github.com/stubbedev/srv/cmd/colors.go:112.15,114.42 2 4
github.com/stubbedev/srv/cmd/colors.go:114.42,116.5 1 1
github.com/stubbedev/srv/cmd/colors.go:117.9,118.23 1 19
github.com/stubbedev/srv/cmd/colors.go:118.23,119.10 1 1
github.com/stubbedev/srv/cmd/colors.go:121.4,121.18 1 18
github.com/stubbedev/srv/cmd/colors.go:125.2,125.19 1 2
github.com/stubbedev/srv/cmd/colors.go:125.19,129.3 3 1
github.com/stubbedev/srv/cmd/colors.go:132.2,132.42 1 1
github.com/stubbedev/srv/cmd/daemon.go:31.13,34.2 2 1
github.com/stubbedev/srv/cmd/daemon.go:57.13,61.2 3 1
github.com/stubbedev/srv/cmd/daemon.go:63.62,64.33 1 0
github.com/stubbedev/srv/cmd/daemon.go:64.33,68.17 3 0
github.com/stubbedev/srv/cmd/daemon.go:68.17,70.4 1 0
github.com/stubbedev/srv/cmd/daemon.go:71.3,72.17 2 0
github.com/stubbedev/srv/cmd/daemon.go:76.2,76.27 1 0
github.com/stubbedev/srv/cmd/daemon.go:76.27,80.3 3 0
github.com/stubbedev/srv/cmd/daemon.go:82.2,82.24 1 0
github.com/stubbedev/srv/cmd/daemon.go:82.24,85.3 2 0
github.com/stubbedev/srv/cmd/daemon.go:87.2,88.41 2 0
github.com/stubbedev/srv/cmd/daemon.go:88.41,90.3 1 0
github.com/stubbedev/srv/cmd/daemon.go:92.2,93.12 2 0
github.com/stubbedev/srv/cmd/daemon.go:106.13,108.2 1 1
github.com/stubbedev/srv/cmd/daemon.go:110.61,111.27 1 0
github.com/stubbedev/srv/cmd/daemon.go:111.27,114.3 2 0
github.com/stubbedev/srv/cmd/daemon.go:116.2,116.25 1 0
github.com/stubbedev/srv/cmd/daemon.go:116.25,119.3 2 0
github.com/stubbedev/srv/cmd/daemon.go:121.2,122.38 2 0
github.com/stubbedev/srv/cmd/daemon.go:122.38,124.3 1 0
github.com/stubbedev/srv/cmd/daemon.go:126.2,127.12 2 0
github.com/stubbedev/srv/cmd/daemon.go:140.13,142.2 1 1
github.com/stubbedev/srv/cmd/daemon.go:144.63,146.16 2 0
github.com/stubbedev/srv/cmd/daemon.go:146.16,148.3 1 0
github.com/stubbedev/srv/cmd/daemon.go:151.2,151.26 1 0
github.com/stubbedev/srv/cmd/daemon.go:151.26,153.17 2 0
github.com/stubbedev/srv/cmd/daemon.go:153.17,155.4 1 0
github.com/stubbedev/srv/cmd/daemon.go:156.3,157.52 2 0
github.com/stubbedev/srv/cmd/daemon.go:157.52,159.4 1 0
github.com/stubbedev/srv/cmd/daemon.go:160.8,162.3 1 0
github.com/stubbedev/srv/cmd/daemon.go:164.2,167.24 2 0
github.com/stubbedev/srv/cmd/daemon.go:167.24,169.3 1 0
github.com/stubbedev/srv/cmd/daemon.go:169.8,171.3 1 0
github.com/stubbedev/srv/cmd/daemon.go:173.2,176.12 3 0
github.com/stubbedev/srv/cmd/daemon.go:194.13,198.2 3 1
github.com/stubbedev/srv/cmd/daemon.go:200.61,202.16 2 0
github.com/stubbedev/srv/cmd/daemon.go:202.16,204.3 1 0
github.com/stubbedev/srv/cmd/daemon.go:206.2,207.44 2 0
github.com/stubbedev/srv/cmd/daemon.go:207.44,208.25 1 0
github.com/stubbedev/srv/cmd/daemon.go:208.25,211.4 2 0
github.com/stubbedev/srv/cmd/daemon.go:212.3,212.55 1 0
github.com/stubbedev/srv/cmd/daemon.go:215.2,215.70 1 0
github.com/stubbedev/srv/cmd/daemon.go:215.70,217.3 1 0
github.com/stubbedev/srv/cmd/daemon.go:219.2,219.29 1 0
github.com/stubbedev/srv/cmd/daemon.go:219.29,221.3 1 0
github.com/stubbedev/srv/cmd/daemon.go:224.2,225.16 2 0
github.com/stubbedev/srv/cmd/daemon.go:225.16,227.3 1 0
github.com/stubbedev/srv/cmd/daemon.go:229.2,229.15 1 0
github.com/stubbedev/srv/cmd/daemon.go:229.15,229.32 1 0
github.com/stubbedev/srv/cmd/daemon.go:231.2,231.49 1 0
github.com/stubbedev/srv/cmd/daemon.go:231.49,233.3 1 0
github.com/stubbedev/srv/cmd/daemon.go:235.2,236.6 2 0
github.com/stubbedev/srv/cmd/daemon.go:236.6,238.20 2 0
github.com/stubbedev/srv/cmd/daemon.go:238.20,240.4 1 0
github.com/stubbedev/srv/cmd/daemon.go:241.3,241.20 1 0
github.com/stubbedev/srv/cmd/daemon.go:241.20,244.12 2 0
github.com/stubbedev/srv/cmd/daemon.go:246.3,246.17 1 0
github.com/stubbedev/srv/cmd/daemon.go:246.17,248.4 1 0
github.com/stubbedev/srv/cmd/daemon.go:253.47,255.16 2 0
github.com/stubbedev/srv/cmd/daemon.go:255.16,257.3 1 0
github.com/stubbedev/srv/cmd/daemon.go:258.2,258.15 1 0
github.com/stubbedev/srv/cmd/daemon.go:258.15,258.32 1 0
github.com/stubbedev/srv/cmd/daemon.go:260.2,260.12 1 0
github.com/stubbedev/srv/cmd/daemon.go:260.12,262.3 1 0
github.com/stubbedev/srv/cmd/daemon.go:267.2,273.21 5 0
github.com/stubbedev/srv/cmd/daemon.go:273.21,276.3 2 0
github.com/stubbedev/srv/cmd/daemon.go:277.2,277.38 1 0
github.com/stubbedev/srv/cmd/daemon.go:277.38,279.3 1 0
github.com/stubbedev/srv/cmd/daemon.go:284.2,286.15 3 0
github.com/stubbedev/srv/cmd/daemon.go:286.15,288.3 1 0
github.com/stubbedev/srv/cmd/daemon.go:289.2,289.29 1 0
github.com/stubbedev/srv/cmd/daemon.go:289.29,291.3 1 0
github.com/stubbedev/srv/cmd/daemon.go:292.2,292.12 1 0
github.com/stubbedev/srv/cmd/daemon.go:311.13,313.2 1 1
github.com/stubbedev/srv/cmd/daemon.go:315.64,316.26 1 0
github.com/stubbedev/srv/cmd/daemon.go:316.26,320.3 3 0
github.com/stubbedev/srv/cmd/daemon.go:322.2,324.41 2 0
github.com/stubbedev/srv/cmd/daemon.go:324.41,326.3 1 0
github.com/stubbedev/srv/cmd/daemon.go:328.2,329.51 2 0
github.com/stubbedev/srv/cmd/daemon.go:329.51,331.3 1 0
github.com/stubbedev/srv/cmd/daemon.go:332.2,334.12 2 0
github.com/stubbedev/srv/cmd/daemon.go:348.13,350.2 1 1
github.com/stubbedev/srv/cmd/daemon.go:352.66,353.27 1 0
github.com/stubbedev/srv/cmd/daemon.go:353.27,356.3 2 0
github.com/stubbedev/srv/cmd/daemon.go:358.2,360.43 2 0
github.com/stubbedev/srv/cmd/daemon.go:360.43,362.3 1 0
github.com/stubbedev/srv/cmd/daemon.go:364.2,365.12 2 0
github.com/stubbedev/srv/cmd/daemon.go:379.13,381.2 1 1
github.com/stubbedev/srv/cmd/daemon.go:383.64,384.27 1 0
github.com/stubbedev/srv/cmd/daemon.go:384.27,388.3 3 0
github.com/stubbedev/srv/cmd/daemon.go:390.2,391.41 2 0
github.com/stubbedev/srv/cmd/daemon.go:391.41,393.3 1 0
github.com/stubbedev/srv/cmd/daemon.go:394.2,395.12 2 0
github.com/stubbedev/srv/cmd/doctor.go:37.13,40.2 2 1
github.com/stubbedev/srv/cmd/doctor.go:42.57,59.17 14 0
github.com/stubbedev/srv/cmd/doctor.go:59.17,61.3 1 0
github.com/stubbedev/srv/cmd/doctor.go:61.8,63.3 1 0
github.com/stubbedev/srv/cmd/doctor.go:64.2,66.12 2 0
github.com/stubbedev/srv/cmd/doctor.go:70.24,72.47 2 0
github.com/stubbedev/srv/cmd/doctor.go:72.47,76.3 3 0
github.com/stubbedev/srv/cmd/doctor.go:77.2,79.10 3 0
github.com/stubbedev/srv/cmd/doctor.go:83.26,88.48 4 0
github.com/stubbedev/srv/cmd/doctor.go:88.48,90.3 1 0
github.com/stubbedev/srv/cmd/doctor.go:90.8,92.24 2 0
github.com/stubbedev/srv/cmd/doctor.go:92.24,94.4 1 0
github.com/stubbedev/srv/cmd/doctor.go:94.9,97.4 2 0
github.com/stubbedev/srv/cmd/doctor.go:98.3,98.25 1 0
github.com/stubbedev/srv/cmd/doctor.go:98.25,100.4 1 0
github.com/stubbedev/srv/cmd/doctor.go:100.9,103.4 2 0
[...]
github.com/stubbedev/srv/internal/site/php_render.go:193.3,193.31 1 1
github.com/stubbedev/srv/internal/site/php_render.go:193.31,195.4 1 1
github.com/stubbedev/srv/internal/site/php_render.go:197.2,200.20 3 9
github.com/stubbedev/srv/internal/site/php_render.go:244.36,249.2 4 2
github.com/stubbedev/srv/internal/site/php_render.go:277.54,282.38 3 11
github.com/stubbedev/srv/internal/site/php_render.go:282.38,283.30 1 15
github.com/stubbedev/srv/internal/site/php_render.go:283.30,285.4 1 11
github.com/stubbedev/srv/internal/site/php_render.go:287.2,304.27 11 11
github.com/stubbedev/srv/internal/site/php_render.go:304.27,306.3 1 11
github.com/stubbedev/srv/internal/site/php_render.go:307.2,320.20 9 11
github.com/stubbedev/srv/internal/site/php_render.go:328.52,330.38 2 11
github.com/stubbedev/srv/internal/site/php_render.go:330.38,331.30 1 18
github.com/stubbedev/srv/internal/site/php_render.go:331.30,333.4 1 16
github.com/stubbedev/srv/internal/site/php_render.go:335.2,338.50 4 11
github.com/stubbedev/srv/internal/site/python.go:30.60,33.28 3 3
github.com/stubbedev/srv/internal/site/python.go:33.28,34.40 1 7
github.com/stubbedev/srv/internal/site/python.go:34.40,36.9 2 2
github.com/stubbedev/srv/internal/site/python.go:39.2,39.17 1 3
github.com/stubbedev/srv/internal/site/python.go:39.17,41.3 1 1
github.com/stubbedev/srv/internal/site/python.go:43.2,53.8 5 2
github.com/stubbedev/srv/internal/site/python.go:57.47,59.9 2 7
github.com/stubbedev/srv/internal/site/python.go:60.82,61.41 1 2
github.com/stubbedev/srv/internal/site/python.go:62.84,63.42 1 1
github.com/stubbedev/srv/internal/site/python.go:64.80,65.40 1 2
github.com/stubbedev/srv/internal/site/python.go:66.10,67.42 1 2
github.com/stubbedev/srv/internal/site/python.go:72.40,74.81 2 7
github.com/stubbedev/srv/internal/site/python.go:74.81,75.69 1 21
github.com/stubbedev/srv/internal/site/python.go:75.69,77.4 1 7
github.com/stubbedev/srv/internal/site/python.go:79.2,79.34 1 7
github.com/stubbedev/srv/internal/site/python.go:83.45,86.16 3 6
github.com/stubbedev/srv/internal/site/python.go:86.16,88.3 1 3
github.com/stubbedev/srv/internal/site/python.go:89.2,90.13 2 3
github.com/stubbedev/srv/internal/site/python.go:90.13,92.3 1 1
github.com/stubbedev/srv/internal/site/python.go:94.2,95.21 2 2
github.com/stubbedev/srv/internal/site/python.go:95.21,97.3 1 2
github.com/stubbedev/srv/internal/site/python.go:98.2,98.10 1 0
github.com/stubbedev/srv/internal/site/python.go:102.61,103.19 1 6
github.com/stubbedev/srv/internal/site/python.go:104.39,105.111 1 1
github.com/stubbedev/srv/internal/site/python.go:106.40,107.124 1 1
github.com/stubbedev/srv/internal/site/python.go:108.38,109.108 1 2
github.com/stubbedev/srv/internal/site/python.go:110.10,111.68 1 2
github.com/stubbedev/srv/internal/site/python.go:116.44,117.63 1 4
github.com/stubbedev/srv/internal/site/python.go:117.63,119.3 1 2
github.com/stubbedev/srv/internal/site/python.go:120.2,120.58 1 2
github.com/stubbedev/srv/internal/site/python.go:147.100,149.16 2 1
github.com/stubbedev/srv/internal/site/python.go:149.16,151.3 1 0
github.com/stubbedev/srv/internal/site/python.go:153.2,154.71 2 1
github.com/stubbedev/srv/internal/site/python.go:154.71,156.3 1 0
github.com/stubbedev/srv/internal/site/python.go:158.2,161.61 4 1
github.com/stubbedev/srv/internal/site/python.go:161.61,163.3 1 0
github.com/stubbedev/srv/internal/site/python.go:164.2,172.54 3 1
github.com/stubbedev/srv/internal/site/python.go:172.54,175.3 2 1
github.com/stubbedev/srv/internal/site/python.go:177.2,209.16 3 1
github.com/stubbedev/srv/internal/site/python.go:209.16,211.3 1 0
github.com/stubbedev/srv/internal/site/python.go:213.2,227.55 4 1
github.com/stubbedev/srv/internal/site/reload.go:41.62,43.2 1 9
github.com/stubbedev/srv/internal/site/reload.go:45.53,51.16 2 7
github.com/stubbedev/srv/internal/site/reload.go:51.16,53.3 1 0
github.com/stubbedev/srv/internal/site/reload.go:54.2,55.35 2 7
github.com/stubbedev/srv/internal/site/reload.go:58.65,60.16 2 5
github.com/stubbedev/srv/internal/site/reload.go:60.16,62.3 1 3
github.com/stubbedev/srv/internal/site/reload.go:63.2,63.18 1 2
github.com/stubbedev/srv/internal/site/reload.go:66.65,68.2 1 3
github.com/stubbedev/srv/internal/site/reload.go:75.49,77.16 2 5
github.com/stubbedev/srv/internal/site/reload.go:77.16,79.3 1 0
github.com/stubbedev/srv/internal/site/reload.go:80.2,80.17 1 5
github.com/stubbedev/srv/internal/site/reload.go:80.17,82.3 1 1
github.com/stubbedev/srv/internal/site/reload.go:83.2,83.47 1 4
github.com/stubbedev/srv/internal/site/reload.go:83.47,85.3 1 1
github.com/stubbedev/srv/internal/site/reload.go:87.2,88.16 2 3
github.com/stubbedev/srv/internal/site/reload.go:88.16,90.3 1 0
github.com/stubbedev/srv/internal/site/reload.go:92.2,98.71 3 3
github.com/stubbedev/srv/internal/site/reload.go:98.71,101.3 2 1
github.com/stubbedev/srv/internal/site/reload.go:106.2,106.19 1 2
github.com/stubbedev/srv/internal/site/reload.go:107.19,110.95 1 0
github.com/stubbedev/srv/internal/site/reload.go:110.95,112.4 1 0
github.com/stubbedev/srv/internal/site/reload.go:113.3,113.26 1 0
github.com/stubbedev/srv/internal/site/reload.go:114.22,115.66 1 1
github.com/stubbedev/srv/internal/site/reload.go:115.66,117.4 1 0
github.com/stubbedev/srv/internal/site/reload.go:118.3,118.26 1 1
github.com/stubbedev/srv/internal/site/reload.go:119.70,124.26 1 0
github.com/stubbedev/srv/internal/site/reload.go:125.23,136.18 1 1
github.com/stubbedev/srv/internal/site/reload.go:136.18,138.4 1 0
github.com/stubbedev/srv/internal/site/reload.go:144.2,144.82 1 2
github.com/stubbedev/srv/internal/site/reload.go:144.82,146.3 1 0
github.com/stubbedev/srv/internal/site/reload.go:150.2,150.43 1 2
github.com/stubbedev/srv/internal/site/reload.go:150.43,151.34 1 0
github.com/stubbedev/srv/internal/site/reload.go:151.34,152.72 1 0
github.com/stubbedev/srv/internal/site/reload.go:152.72,154.13 2 0
github.com/stubbedev/srv/internal/site/reload.go:156.4,156.23 1 0
github.com/stubbedev/srv/internal/site/reload.go:158.3,158.47 1 0
github.com/stubbedev/srv/internal/site/reload.go:158.47,160.22 2 0
github.com/stubbedev/srv/internal/site/reload.go:160.22,162.5 1 0
github.com/stubbedev/srv/internal/site/reload.go:162.10,165.5 2 0
github.com/stubbedev/srv/internal/site/reload.go:166.9,168.4 1 0
github.com/stubbedev/srv/internal/site/reload.go:169.3,169.55 1 0
github.com/stubbedev/srv/internal/site/reload.go:169.55,171.4 1 0
github.com/stubbedev/srv/internal/site/reload.go:176.2,176.23 1 2
github.com/stubbedev/srv/internal/site/reload.go:176.23,178.3 1 2
github.com/stubbedev/srv/internal/site/reload.go:179.2,179.17 1 2
github.com/stubbedev/srv/internal/site/reload.go:188.49,189.17 1 31
github.com/stubbedev/srv/internal/site/reload.go:189.17,191.3 1 2
github.com/stubbedev/srv/internal/site/reload.go:192.2,192.28 1 29
github.com/stubbedev/srv/internal/site/reload.go:192.28,194.3 1 3
github.com/stubbedev/srv/internal/site/reload.go:195.2,196.33 2 26
github.com/stubbedev/srv/internal/site/reload.go:196.33,197.14 1 28
github.com/stubbedev/srv/internal/site/reload.go:197.14,199.4 1 1
github.com/stubbedev/srv/internal/site/reload.go:200.3,200.14 1 27
github.com/stubbedev/srv/internal/site/reload.go:200.14,202.4 1 2
github.com/stubbedev/srv/internal/site/reload.go:203.3,203.17 1 25
github.com/stubbedev/srv/internal/site/reload.go:205.2,205.35 1 23
github.com/stubbedev/srv/internal/site/reload.go:205.35,206.38 1 4
github.com/stubbedev/srv/internal/site/reload.go:206.38,208.4 1 2
github.com/stubbedev/srv/internal/site/reload.go:210.2,210.32 1 21
github.com/stubbedev/srv/internal/site/reload.go:210.32,211.17 1 16
github.com/stubbedev/srv/internal/site/reload.go:211.17,213.4 1 2
github.com/stubbedev/srv/internal/site/reload.go:214.3,214.40 1 14
github.com/stubbedev/srv/internal/site/reload.go:214.40,216.4 1 2
github.com/stubbedev/srv/internal/site/reload.go:217.3,217.44 1 12
github.com/stubbedev/srv/internal/site/reload.go:217.44,219.4 1 2
github.com/stubbedev/srv/internal/site/reload.go:220.3,220.43 1 10
github.com/stubbedev/srv/internal/site/reload.go:220.43,222.4 1 2
github.com/stubbedev/srv/internal/site/reload.go:223.3,223.24 1 8
github.com/stubbedev/srv/internal/site/reload.go:223.24,224.59 1 3
github.com/stubbedev/srv/internal/site/reload.go:224.59,226.5 1 2
github.com/stubbedev/srv/internal/site/reload.go:228.3,228.26 1 6
github.com/stubbedev/srv/internal/site/reload.go:229.11,230.66 1 1
github.com/stubbedev/srv/internal/site/reload.go:231.40,231.40 0 3
github.com/stubbedev/srv/internal/site/reload.go:233.11,234.118 1 2
github.com/stubbedev/srv/internal/site/reload.go:237.2,237.53 1 8
github.com/stubbedev/srv/internal/site/reload.go:237.53,239.3 1 2
github.com/stubbedev/srv/internal/site/reload.go:240.2,240.12 1 6
github.com/stubbedev/srv/internal/site/reload.go:248.78,255.32 2 6
github.com/stubbedev/srv/internal/site/reload.go:255.32,257.28 2 4
github.com/stubbedev/srv/internal/site/reload.go:257.28,259.4 1 1
github.com/stubbedev/srv/internal/site/reload.go:260.3,261.17 2 4
github.com/stubbedev/srv/internal/site/reload.go:261.17,265.12 1 1
github.com/stubbedev/srv/internal/site/reload.go:267.3,275.5 1 3
github.com/stubbedev/srv/internal/site/reload.go:277.2,277.12 1 6
github.com/stubbedev/srv/internal/site/ruby.go:39.56,42.16 3 2
github.com/stubbedev/srv/internal/site/ruby.go:42.16,43.25 1 1
github.com/stubbedev/srv/internal/site/ruby.go:43.25,45.4 1 1
github.com/stubbedev/srv/internal/site/ruby.go:46.3,46.53 1 0
github.com/stubbedev/srv/internal/site/ruby.go:49.2,60.8 6 1
github.com/stubbedev/srv/internal/site/ruby.go:64.47,66.52 2 7
github.com/stubbedev/srv/internal/site/ruby.go:66.52,68.35 2 12
github.com/stubbedev/srv/internal/site/ruby.go:68.35,69.12 1 1
github.com/stubbedev/srv/internal/site/ruby.go:71.3,71.77 1 11
github.com/stubbedev/srv/internal/site/ruby.go:71.77,73.4 1 3
github.com/stubbedev/srv/internal/site/ruby.go:74.3,74.81 1 11
github.com/stubbedev/srv/internal/site/ruby.go:74.81,76.4 1 2
github.com/stubbedev/srv/internal/site/ruby.go:77.3,77.75 1 11
github.com/stubbedev/srv/internal/site/ruby.go:77.75,79.4 1 2
github.com/stubbedev/srv/internal/site/ruby.go:81.2,81.13 1 7
github.com/stubbedev/srv/internal/site/ruby.go:85.51,86.9 1 6
github.com/stubbedev/srv/internal/site/ruby.go:87.21,88.38 1 3
github.com/stubbedev/srv/internal/site/ruby.go:89.23,90.40 1 1
github.com/stubbedev/srv/internal/site/ruby.go:91.20,92.37 1 1
github.com/stubbedev/srv/internal/site/ruby.go:93.10,94.40 1 1
github.com/stubbedev/srv/internal/site/ruby.go:99.43,102.16 3 6
github.com/stubbedev/srv/internal/site/ruby.go:102.16,104.3 1 1
github.com/stubbedev/srv/internal/site/ruby.go:105.2,107.13 3 5
github.com/stubbedev/srv/internal/site/ruby.go:107.13,109.3 1 1
github.com/stubbedev/srv/internal/site/ruby.go:111.2,112.21 2 4
github.com/stubbedev/srv/internal/site/ruby.go:112.21,114.3 1 3
github.com/stubbedev/srv/internal/site/ruby.go:115.2,115.10 1 1
github.com/stubbedev/srv/internal/site/ruby.go:119.59,121.19 2 5
github.com/stubbedev/srv/internal/site/ruby.go:122.36,123.98 1 2
github.com/stubbedev/srv/internal/site/ruby.go:124.38,125.85 1 1
github.com/stubbedev/srv/internal/site/ruby.go:126.35,127.100 1 1
github.com/stubbedev/srv/internal/site/ruby.go:128.10,129.74 1 1
github.com/stubbedev/srv/internal/site/ruby.go:134.42,135.61 1 4
github.com/stubbedev/srv/internal/site/ruby.go:135.61,137.3 1 2
github.com/stubbedev/srv/internal/site/ruby.go:138.2,138.56 1 2
github.com/stubbedev/srv/internal/site/ruby.go:165.96,167.16 2 1
github.com/stubbedev/srv/internal/site/ruby.go:167.16,169.3 1 0
github.com/stubbedev/srv/internal/site/ruby.go:171.2,172.71 2 1
github.com/stubbedev/srv/internal/site/ruby.go:172.71,174.3 1 0
github.com/stubbedev/srv/internal/site/ruby.go:176.2,179.61 4 1
github.com/stubbedev/srv/internal/site/ruby.go:179.61,181.3 1 0
github.com/stubbedev/srv/internal/site/ruby.go:182.2,220.16 4 1
github.com/stubbedev/srv/internal/site/ruby.go:220.16,222.3 1 0
github.com/stubbedev/srv/internal/site/ruby.go:224.2,238.55 4 1
github.com/stubbedev/srv/internal/site/ruby.go:242.111,250.14 2 5
github.com/stubbedev/srv/internal/site/ruby.go:250.14,252.3 1 1
github.com/stubbedev/srv/internal/site/ruby.go:253.2,253.15 1 5
github.com/stubbedev/srv/internal/site/site.go:47.32,48.37 1 2
github.com/stubbedev/srv/internal/site/site.go:48.37,50.3 1 1
github.com/stubbedev/srv/internal/site/site.go:51.2,51.21 1 1
github.com/stubbedev/srv/internal/site/site.go:61.74,68.31 3 4
github.com/stubbedev/srv/internal/site/site.go:68.31,72.3 2 0
github.com/stubbedev/srv/internal/site/site.go:74.2,85.55 10 4
github.com/stubbedev/srv/internal/site/site.go:85.55,87.3 1 1
github.com/stubbedev/srv/internal/site/site.go:90.2,90.53 1 4
github.com/stubbedev/srv/internal/site/site.go:90.53,93.3 2 1
github.com/stubbedev/srv/internal/site/site.go:96.2,96.19 1 3
github.com/stubbedev/srv/internal/site/site.go:97.99,99.50 1 3
github.com/stubbedev/srv/internal/site/site.go:100.10,102.34 1 0
github.com/stubbedev/srv/internal/site/site.go:105.2,105.16 1 3
github.com/stubbedev/srv/internal/site/site.go:113.41,114.16 1 3
github.com/stubbedev/srv/internal/site/site.go:115.99,117.26 1 3
github.com/stubbedev/srv/internal/site/site.go:117.26,119.4 1 1
github.com/stubbedev/srv/internal/site/site.go:120.23,122.25 1 0
github.com/stubbedev/srv/internal/site/site.go:122.25,124.4 1 0
github.com/stubbedev/srv/internal/site/site.go:127.2,127.45 1 2
github.com/stubbedev/srv/internal/site/site.go:131.53,132.23 1 4
github.com/stubbedev/srv/internal/site/site.go:132.23,134.3 1 2
github.com/stubbedev/srv/internal/site/site.go:136.2,144.30 5 2
github.com/stubbedev/srv/internal/site/site.go:144.30,146.18 2 2
github.com/stubbedev/srv/internal/site/site.go:146.18,150.17 2 2
github.com/stubbedev/srv/internal/site/site.go:150.17,151.33 1 2
github.com/stubbedev/srv/internal/site/site.go:151.33,153.6 1 0
github.com/stubbedev/srv/internal/site/site.go:155.4,156.17 2 2
github.com/stubbedev/srv/internal/site/site.go:156.17,156.26 1 2
github.com/stubbedev/srv/internal/site/site.go:158.4,159.45 2 2
github.com/stubbedev/srv/internal/site/site.go:164.2,164.12 1 2
github.com/stubbedev/srv/internal/site/site.go:164.12,167.3 2 2
github.com/stubbedev/srv/internal/site/site.go:170.2,170.33 1 2
github.com/stubbedev/srv/internal/site/site.go:170.33,172.3 1 2
github.com/stubbedev/srv/internal/site/site.go:177.29,179.16 2 6
github.com/stubbedev/srv/internal/site/site.go:179.16,181.3 1 0
github.com/stubbedev/srv/internal/site/site.go:183.2,184.16 2 6
github.com/stubbedev/srv/internal/site/site.go:184.16,185.25 1 2
github.com/stubbedev/srv/internal/site/site.go:185.25,187.4 1 2
github.com/stubbedev/srv/internal/site/site.go:188.3,188.18 1 0
github.com/stubbedev/srv/internal/site/site.go:192.2,195.32 3 4
github.com/stubbedev/srv/internal/site/site.go:195.32,198.61 1 4
github.com/stubbedev/srv/internal/site/site.go:198.61,199.12 1 1
github.com/stubbedev/srv/internal/site/site.go:202.3,203.18 2 3
github.com/stubbedev/srv/internal/site/site.go:203.18,205.4 1 2
github.com/stubbedev/srv/internal/site/site.go:206.3,206.30 1 3
github.com/stubbedev/srv/internal/site/site.go:210.2,212.19 2 4
github.com/stubbedev/srv/internal/site/site.go:218.38,220.16 2 2
github.com/stubbedev/srv/internal/site/site.go:220.16,222.3 1 0
github.com/stubbedev/srv/internal/site/site.go:224.2,224.26 1 2
github.com/stubbedev/srv/internal/site/site.go:224.26,225.21 1 1
github.com/stubbedev/srv/internal/site/site.go:225.21,227.4 1 1
github.com/stubbedev/srv/internal/site/site.go:230.2,230.52 1 1
github.com/stubbedev/srv/internal/site/site.go:236.44,238.16 2 2
github.com/stubbedev/srv/internal/site/site.go:238.16,240.3 1 0
github.com/stubbedev/srv/internal/site/site.go:243.2,244.44 2 2
github.com/stubbedev/srv/internal/site/site.go:244.44,245.25 1 1
github.com/stubbedev/srv/internal/site/site.go:245.25,247.4 1 1
github.com/stubbedev/srv/internal/site/site.go:248.3,248.18 1 0
github.com/stubbedev/srv/internal/site/site.go:252.2,253.16 2 1
github.com/stubbedev/srv/internal/site/site.go:253.16,255.3 1 0
github.com/stubbedev/srv/internal/site/site.go:257.2,257.32 1 1
github.com/stubbedev/srv/internal/site/site.go:257.32,258.44 1 1
github.com/stubbedev/srv/internal/site/site.go:258.44,260.19 2 1
github.com/stubbedev/srv/internal/site/site.go:260.19,262.5 1 1
github.com/stubbedev/srv/internal/site/site.go:263.4,263.18 1 1
github.com/stubbedev/srv/internal/site/site.go:267.2,267.52 1 0
github.com/stubbedev/srv/internal/site/site.go:271.47,273.54 1 5
github.com/stubbedev/srv/internal/site/site.go:273.54,275.17 2 1
github.com/stubbedev/srv/internal/site/site.go:275.17,277.4 1 0
github.com/stubbedev/srv/internal/site/site.go:278.3,278.66 1 1
github.com/stubbedev/srv/internal/site/site.go:282.2,283.16 2 5
github.com/stubbedev/srv/internal/site/site.go:283.16,285.3 1 0
github.com/stubbedev/srv/internal/site/site.go:288.2,289.16 2 5
github.com/stubbedev/srv/internal/site/site.go:289.16,292.3 1 3
github.com/stubbedev/srv/internal/site/site.go:294.2,294.22 1 2
github.com/stubbedev/srv/internal/site/site.go:298.40,299.43 1 9
github.com/stubbedev/srv/internal/site/site.go:299.43,300.41 1 21
github.com/stubbedev/srv/internal/site/site.go:300.41,302.4 1 4
github.com/stubbedev/srv/internal/site/site.go:304.2,304.14 1 5
github.com/stubbedev/srv/internal/site/site.go:310.36,318.2 5 11
github.com/stubbedev/srv/internal/site/site.go:321.31,323.2 1 3
github.com/stubbedev/srv/internal/site/site.go:327.54,331.2 3 7
github.com/stubbedev/srv/internal/site/static.go:27.61,55.15 3 10
github.com/stubbedev/srv/internal/site/static.go:55.15,72.3 1 1
github.com/stubbedev/srv/internal/site/static.go:74.2,97.14 2 10
github.com/stubbedev/srv/internal/site/static.go:97.14,100.3 1 2
github.com/stubbedev/srv/internal/site/static.go:100.8,103.3 1 8
github.com/stubbedev/srv/internal/site/static.go:105.2,114.16 2 10
github.com/stubbedev/srv/internal/site/static.go:114.16,122.3 1 2
github.com/stubbedev/srv/internal/site/static.go:122.8,129.3 1 8
github.com/stubbedev/srv/internal/site/static.go:131.2,134.24 2 10
github.com/stubbedev/srv/internal/site/static.go:144.40,145.25 1 8
github.com/stubbedev/srv/internal/site/static.go:145.25,147.3 1 0
github.com/stubbedev/srv/internal/site/static.go:148.2,148.11 1 8
github.com/stubbedev/srv/internal/site/static.go:183.57,191.2 1 9
github.com/stubbedev/srv/internal/site/static.go:207.104,215.14 2 7
github.com/stubbedev/srv/internal/site/static.go:215.14,217.3 1 2
github.com/stubbedev/srv/internal/site/static.go:218.2,218.15 1 7
github.com/stubbedev/srv/internal/site/static.go:223.56,224.30 1 13
github.com/stubbedev/srv/internal/site/static.go:224.30,225.33 1 5
github.com/stubbedev/srv/internal/site/static.go:225.33,227.4 1 3
github.com/stubbedev/srv/internal/site/static.go:229.2,229.14 1 10
github.com/stubbedev/srv/internal/site/static.go:235.104,240.2 4 1
github.com/stubbedev/srv/internal/site/static.go:245.74,248.2 2 9
github.com/stubbedev/srv/internal/site/static.go:251.140,286.2 1 4
github.com/stubbedev/srv/internal/site/static.go:290.63,291.12 1 12
github.com/stubbedev/srv/internal/site/static.go:291.12,292.42 1 2
github.com/stubbedev/srv/internal/site/static.go:292.42,294.4 1 2
github.com/stubbedev/srv/internal/site/static.go:296.2,296.63 1 10
github.com/stubbedev/srv/internal/site/static.go:301.78,303.16 2 4
github.com/stubbedev/srv/internal/site/static.go:303.16,305.3 1 0
github.com/stubbedev/srv/internal/site/static.go:307.2,308.71 2 4
github.com/stubbedev/srv/internal/site/static.go:308.71,310.3 1 0
github.com/stubbedev/srv/internal/site/static.go:313.2,319.75 3 4
github.com/stubbedev/srv/internal/site/static.go:319.75,321.3 1 0
github.com/stubbedev/srv/internal/site/static.go:324.2,326.61 3 4
github.com/stubbedev/srv/internal/site/static.go:326.61,328.3 1 0
github.com/stubbedev/srv/internal/site/static.go:329.2,333.16 4 4
github.com/stubbedev/srv/internal/site/static.go:333.16,335.3 1 0
github.com/stubbedev/srv/internal/site/static.go:337.2,341.55 4 4
